[35m[Appium][39m Welcome to Appium v1.22.3
[35m[Appium][39m Non-default server args:
[35m[Appium][39m   port: 63363
[35m[Appium][39m   loglevel: info
[35m[Appium][39m   tmpDir: C:\Users\ansct\AppData\Local\Temp\\Katalon\Appium\Temp1660759191594
[35m[Appium][39m   chromedriverPort: 63364
[35m[Appium][39m Deprecated server args:
[35m[Appium][39m   [31m--chromedriver-port[39m => --default-capabilities
[35m[Appium][39m Default capabilities, which will be added to each request unless overridden by desired capabilities:
[35m[Appium][39m   chromedriverPort: 63364
[35m[Appium][39m Appium REST http interface listener started on 0.0.0.0:63363
[35m[HTTP][39m [37m-->[39m [37mGET[39m [37m/wd/hub/status[39m
[35m[HTTP][39m [90m{}[39m
[35m[HTTP][39m [37m<-- GET /wd/hub/status [39m[32m200[39m [90m15 ms - 68[39m
[35m[HTTP][39m [90m[39m
[35m[HTTP][39m [37m-->[39m [37mGET[39m [37m/wd/hub/status[39m
[35m[HTTP][39m [90m{}[39m
[35m[HTTP][39m [37m<-- GET /wd/hub/status [39m[32m200[39m [90m3 ms - 68[39m
[35m[HTTP][39m [90m[39m
[35m[HTTP][39m [37m-->[39m [37mPOST[39m [37m/wd/hub/session[39m
[35m[HTTP][39m [90m{"desiredCapabilities":{"appPackage":"com.android.settings","appWaitActivity":"*","deviceId":"","deviceName":"samsung SM-J730G (Android 9)","platform":"ANDROID","appActivity":".Settings","newCommandTimeout":1800,"platformVersion":"9","automationName":"uiautomator2","autoGrantPermissions":true,"platformName":"Android","udid":"52009efcee2e8435","systemPort":8231},"capabilities":{"firstMatch":[{"appium:appActivity":".Settings","appium:appPackage":"com.android.settings","appium:appWaitActivity":"*","appium:autoGrantPermissions":true,"appium:automationName":"uiautomator2","deviceId":"","appium:deviceName":"samsung SM-J730G (Android 9)","appium:newCommandTimeout":1800,"platform":"ANDROID","platformName":"android","appium:platformVersion":"9","appium:systemPort":8231,"appium:udid":"52009efcee2e8435"}]}}[39m
[35m[BaseDriver][39m The following capabilities are not standard capabilities and should have an extension prefix:
[35m[BaseDriver][39m   deviceId
[35m[BaseDriver][39m   platform
[35m[BaseDriver][39m   chromedriverPort
[35m[Appium][39m Appium v1.22.3 creating new AndroidUiautomator2Driver (v1.70.1) session
[35m[BaseDriver][39m The following capabilities were provided, but are not recognized by Appium:
[35m[BaseDriver][39m   deviceId
[35m[BaseDriver][39m   platform
[35m[BaseDriver][39m Session created with session id: 2c6359f8-5ab1-4d01-81cb-af720a15b169
[35m[UiAutomator2][39m Starting 'com.android.settings' directly on the device
[35m[ADB][39m Found 1 'build-tools' folders under 'C:\Users\ansct\.katalon\tools\android_sdk' (newest first):
[35m[ADB][39m     C:/Users/ansct/.katalon/tools/android_sdk/build-tools/29.0.3
[35m[ADB][39m Using 'adb.exe' from 'C:\Users\ansct\.katalon\tools\android_sdk\platform-tools\adb.exe'
[35m[AndroidDriver][39m Retrieving device list
[35m[AndroidDriver][39m Using device: 52009efcee2e8435
[35m[ADB][39m Using 'adb.exe' from 'C:\Users\ansct\.katalon\tools\android_sdk\platform-tools\adb.exe'
[35m[ADB][39m Getting device platform version
[35m[UiAutomator2][39m Relaxing hidden api policy
[35m[AndroidDriver][39m No app sent in, not parsing package/activity
[35m[ADB][39m Using 'apksigner.jar' from 'C:\Users\ansct\.katalon\tools\android_sdk\build-tools\29.0.3\lib\apksigner.jar'
[35m[ADB][39m 'C:\Users\ansct\AppData\Roaming\npm\node_modules\appium\node_modules\appium-uiautomator2-server\apks\appium-uiautomator2-server-v4.27.0.apk' is signed with the default certificate
[35m[ADB][39m 'C:\Users\ansct\AppData\Roaming\npm\node_modules\appium\node_modules\appium-uiautomator2-server\apks\appium-uiautomator2-server-debug-androidTest.apk' is signed with the default certificate
[35m[UiAutomator2][39m Server packages are not going to be (re)installed
[35m[ADB][39m Adding packages ["io.appium.settings","io.appium.uiautomator2.server","io.appium.uiautomator2.server.test"] to Doze whitelist
[35m[UiAutomator2][39m Starting UIAutomator2 server 4.27.0
[35m[UiAutomator2][39m Using UIAutomator2 server from 'C:\Users\ansct\AppData\Roaming\npm\node_modules\appium\node_modules\appium-uiautomator2-server\apks\appium-uiautomator2-server-v4.27.0.apk' and test from 'C:\Users\ansct\AppData\Roaming\npm\node_modules\appium\node_modules\appium-uiautomator2-server\apks\appium-uiautomator2-server-debug-androidTest.apk'
[35m[UiAutomator2][39m Waiting up to 30000ms for UiAutomator2 to be online...
[35m[WD Proxy][39m socket hang up
[35m[WD Proxy][39m socket hang up
[35m[WD Proxy][39m socket hang up
[35m[WD Proxy][39m socket hang up
[35m[WD Proxy][39m socket hang up
[35m[WD Proxy][39m Determined the downstream protocol as 'W3C'
[35m[AndroidDriver][39m Screen already unlocked, doing nothing
[35m[UiAutomator2][39m Starting 'com.android.settings/.Settings and waiting for 'com.android.settings/*'
[35m[Appium][39m New AndroidUiautomator2Driver session created successfully, session 2c6359f8-5ab1-4d01-81cb-af720a15b169 added to master session list
[35m[HTTP][39m [37m<-- POST /wd/hub/session [39m[32m200[39m [90m17986 ms - 1247[39m
[35m[HTTP][39m [90m[39m
[35m[HTTP][39m [37m-->[39m [37mGET[39m [37m/wd/hub/session/2c6359f8-5ab1-4d01-81cb-af720a15b169[39m
[35m[HTTP][39m [90m{}[39m
[35m[HTTP][39m [37m<-- GET /wd/hub/session/2c6359f8-5ab1-4d01-81cb-af720a15b169 [39m[32m200[39m [90m34 ms - 1201[39m
[35m[HTTP][39m [90m[39m
[35m[HTTP][39m [37m-->[39m [37mGET[39m [37m/wd/hub/session/2c6359f8-5ab1-4d01-81cb-af720a15b169[39m
[35m[HTTP][39m [90m{}[39m
[35m[HTTP][39m [37m<-- GET /wd/hub/session/2c6359f8-5ab1-4d01-81cb-af720a15b169 [39m[32m200[39m [90m33 ms - 1201[39m
[35m[HTTP][39m [90m[39m
[35m[HTTP][39m [37m-->[39m [37mGET[39m [37m/wd/hub/status[39m
[35m[HTTP][39m [90m{}[39m
[35m[HTTP][39m [37m<-- GET /wd/hub/status [39m[32m200[39m [90m2 ms - 68[39m
[35m[HTTP][39m [90m[39m
[35m[HTTP][39m [37m-->[39m [37mPOST[39m [37m/wd/hub/session/2c6359f8-5ab1-4d01-81cb-af720a15b169/timeouts[39m
[35m[HTTP][39m [90m{"implicit":60000}[39m
[35m[HTTP][39m [37m<-- POST /wd/hub/session/2c6359f8-5ab1-4d01-81cb-af720a15b169/timeouts [39m[32m200[39m [90m7 ms - 14[39m
[35m[HTTP][39m [90m[39m
[35m[HTTP][39m [37m-->[39m [37mGET[39m [37m/wd/hub/session/2c6359f8-5ab1-4d01-81cb-af720a15b169/screenshot[39m
[35m[HTTP][39m [90m{}[39m
[35m[HTTP][39m [37m<-- GET /wd/hub/session/2c6359f8-5ab1-4d01-81cb-af720a15b169/screenshot [39m[32m200[39m [90m982 ms - 176342[39m
[35m[HTTP][39m [90m[39m
[35m[HTTP][39m [37m-->[39m [37mGET[39m [37m/wd/hub/session/2c6359f8-5ab1-4d01-81cb-af720a15b169/window/rect[39m
[35m[HTTP][39m [90m{}[39m
[35m[HTTP][39m [37m<-- GET /wd/hub/session/2c6359f8-5ab1-4d01-81cb-af720a15b169/window/rect [39m[32m200[39m [90m65 ms - 50[39m
[35m[HTTP][39m [90m[39m
[35m[HTTP][39m [37m-->[39m [37mGET[39m [37m/wd/hub/session/2c6359f8-5ab1-4d01-81cb-af720a15b169/appium/device/system_bars[39m
[35m[HTTP][39m [90m{}[39m
[35m[HTTP][39m [37m<-- GET /wd/hub/session/2c6359f8-5ab1-4d01-81cb-af720a15b169/appium/device/system_bars [39m[31m500[39m [90m336 ms - 647[39m
[35m[HTTP][39m [90m[39m
[35m[HTTP][39m [37m-->[39m [37mPOST[39m [37m/wd/hub/session/2c6359f8-5ab1-4d01-81cb-af720a15b169/execute/sync[39m
[35m[HTTP][39m [90m{"script":"mobile:viewportRect","args":[]}[39m
[35m[AndroidDriver][39m Executing native command 'mobile:viewportRect'
[35m[HTTP][39m [37m<-- POST /wd/hub/session/2c6359f8-5ab1-4d01-81cb-af720a15b169/execute/sync [39m[32m200[39m [90m79 ms - 56[39m
[35m[HTTP][39m [90m[39m
[35m[HTTP][39m [37m-->[39m [37mPOST[39m [37m/wd/hub/session/2c6359f8-5ab1-4d01-81cb-af720a15b169/appium/device/activate_app[39m
[35m[HTTP][39m [90m{"bundleId":"id.co.bri.brispotnew"}[39m
[35m[HTTP][39m [37m<-- POST /wd/hub/session/2c6359f8-5ab1-4d01-81cb-af720a15b169/appium/device/activate_app [39m[32m200[39m [90m1116 ms - 14[39m
[35m[HTTP][39m [90m[39m
[35m[HTTP][39m [37m-->[39m [37mGET[39m [37m/wd/hub/session/2c6359f8-5ab1-4d01-81cb-af720a15b169/source[39m
[35m[HTTP][39m [90m{}[39m
[35m[W3C (2c6359f8)][39m Driver proxy active, passing request on via HTTP proxy
[35m[WD Proxy][39m Replacing sessionId 8ef9d742-83c9-479a-bb40-bb3089262960 with 2c6359f8-5ab1-4d01-81cb-af720a15b169
[35m[HTTP][39m [37m<-- GET /wd/hub/session/2c6359f8-5ab1-4d01-81cb-af720a15b169/source [39m[32m200[39m [90m276 ms - 3691[39m
[35m[HTTP][39m [90m[39m
[35m[HTTP][39m [37m-->[39m [37mGET[39m [37m/wd/hub/session/2c6359f8-5ab1-4d01-81cb-af720a15b169/screenshot[39m
[35m[HTTP][39m [90m{}[39m
[35m[HTTP][39m [37m<-- GET /wd/hub/session/2c6359f8-5ab1-4d01-81cb-af720a15b169/screenshot [39m[32m200[39m [90m992 ms - 128274[39m
[35m[HTTP][39m [90m[39m
[35m[HTTP][39m [37m-->[39m [37mPOST[39m [37m/wd/hub/session/2c6359f8-5ab1-4d01-81cb-af720a15b169/elements[39m
[35m[HTTP][39m [90m{"using":"xpath","value":"//*[@class = 'android.widget.Button' and (@text = 'Tutup' or . = 'Tutup') and @resource-id = 'id.co.bri.brispotnew:id/progress_finish']"}[39m
[35m[HTTP][39m [37m<-- POST /wd/hub/session/2c6359f8-5ab1-4d01-81cb-af720a15b169/elements [39m[32m200[39m [90m60165 ms - 12[39m
[35m[HTTP][39m [90m[39m
[35m[HTTP][39m [37m-->[39m [37mPOST[39m [37m/wd/hub/session/2c6359f8-5ab1-4d01-81cb-af720a15b169/elements[39m
[35m[HTTP][39m [90m{"using":"id","value":"id.co.bri.brispotnew:id/progress_finish"}[39m
[35m[HTTP][39m [37m<-- POST /wd/hub/session/2c6359f8-5ab1-4d01-81cb-af720a15b169/elements [39m[32m200[39m [90m60065 ms - 12[39m
[35m[HTTP][39m [90m[39m
[35m[HTTP][39m [37m-->[39m [37mPOST[39m [37m/wd/hub/session/2c6359f8-5ab1-4d01-81cb-af720a15b169/elements[39m
[35m[HTTP][39m [90m{"using":"-android uiautomator","value":"new UiSelector().className(\"android.widget.Button\").text(\"Tutup\").resourceId(\"id.co.bri.brispotnew:id/progress_finish\")"}[39m
[35m[HTTP][39m [37m<-- POST /wd/hub/session/2c6359f8-5ab1-4d01-81cb-af720a15b169/elements [39m[32m200[39m [90m60098 ms - 12[39m
[35m[HTTP][39m [90m[39m
