[35m[Appium][39m Welcome to Appium v1.22.3
[35m[Appium][39m Non-default server args:
[35m[Appium][39m   port: 60016
[35m[Appium][39m   loglevel: info
[35m[Appium][39m   tmpDir: C:\Users\ansct\AppData\Local\Temp\\Katalon\Appium\Temp1660753294344
[35m[Appium][39m   chromedriverPort: 60017
[35m[Appium][39m Deprecated server args:
[35m[Appium][39m   [31m--chromedriver-port[39m => --default-capabilities
[35m[Appium][39m Default capabilities, which will be added to each request unless overridden by desired capabilities:
[35m[Appium][39m   chromedriverPort: 60017
[35m[Appium][39m Appium REST http interface listener started on 0.0.0.0:60016
[35m[HTTP][39m [37m-->[39m [37mGET[39m [37m/wd/hub/status[39m
[35m[HTTP][39m [90m{}[39m
[35m[HTTP][39m [37m<-- GET /wd/hub/status [39m[32m200[39m [90m15 ms - 68[39m
[35m[HTTP][39m [90m[39m
[35m[HTTP][39m [37m-->[39m [37mPOST[39m [37m/wd/hub/session[39m
[35m[HTTP][39m [90m{"desiredCapabilities":{"appPackage":"com.android.settings","appWaitActivity":"*","deviceId":"","deviceName":"samsung SM-J730G (Android 9)","platform":"ANDROID","appActivity":".Settings","newCommandTimeout":1800,"platformVersion":"9","automationName":"uiautomator2","autoGrantPermissions":true,"platformName":"Android","udid":"52009efcee2e8435","systemPort":8224},"capabilities":{"firstMatch":[{"appium:appActivity":".Settings","appium:appPackage":"com.android.settings","appium:appWaitActivity":"*","appium:autoGrantPermissions":true,"appium:automationName":"uiautomator2","deviceId":"","appium:deviceName":"samsung SM-J730G (Android 9)","appium:newCommandTimeout":1800,"platform":"ANDROID","platformName":"android","appium:platformVersion":"9","appium:systemPort":8224,"appium:udid":"52009efcee2e8435"}]}}[39m
[35m[BaseDriver][39m The following capabilities are not standard capabilities and should have an extension prefix:
[35m[BaseDriver][39m   deviceId
[35m[BaseDriver][39m   platform
[35m[BaseDriver][39m   chromedriverPort
[35m[Appium][39m Appium v1.22.3 creating new AndroidUiautomator2Driver (v1.70.1) session
[35m[BaseDriver][39m The following capabilities were provided, but are not recognized by Appium:
[35m[BaseDriver][39m   deviceId
[35m[BaseDriver][39m   platform
[35m[BaseDriver][39m Session created with session id: 5c032ded-77ba-4282-a4c1-8f0706ef78a7
[35m[UiAutomator2][39m Starting 'com.android.settings' directly on the device
[35m[ADB][39m Found 1 'build-tools' folders under 'C:\Users\ansct\.katalon\tools\android_sdk' (newest first):
[35m[ADB][39m     C:/Users/ansct/.katalon/tools/android_sdk/build-tools/29.0.3
[35m[ADB][39m Using 'adb.exe' from 'C:\Users\ansct\.katalon\tools\android_sdk\platform-tools\adb.exe'
[35m[AndroidDriver][39m Retrieving device list
[35m[AndroidDriver][39m Using device: 52009efcee2e8435
[35m[ADB][39m Using 'adb.exe' from 'C:\Users\ansct\.katalon\tools\android_sdk\platform-tools\adb.exe'
[35m[ADB][39m Getting device platform version
[35m[UiAutomator2][39m Relaxing hidden api policy
[35m[AndroidDriver][39m No app sent in, not parsing package/activity
[35m[ADB][39m Using 'apksigner.jar' from 'C:\Users\ansct\.katalon\tools\android_sdk\build-tools\29.0.3\lib\apksigner.jar'
[35m[ADB][39m 'C:\Users\ansct\AppData\Roaming\npm\node_modules\appium\node_modules\appium-uiautomator2-server\apks\appium-uiautomator2-server-v4.27.0.apk' is signed with the default certificate
[35m[ADB][39m 'C:\Users\ansct\AppData\Roaming\npm\node_modules\appium\node_modules\appium-uiautomator2-server\apks\appium-uiautomator2-server-debug-androidTest.apk' is signed with the default certificate
[35m[UiAutomator2][39m Server packages are not going to be (re)installed
[35m[ADB][39m Adding packages ["io.appium.settings","io.appium.uiautomator2.server","io.appium.uiautomator2.server.test"] to Doze whitelist
[35m[UiAutomator2][39m Starting UIAutomator2 server 4.27.0
[35m[UiAutomator2][39m Using UIAutomator2 server from 'C:\Users\ansct\AppData\Roaming\npm\node_modules\appium\node_modules\appium-uiautomator2-server\apks\appium-uiautomator2-server-v4.27.0.apk' and test from 'C:\Users\ansct\AppData\Roaming\npm\node_modules\appium\node_modules\appium-uiautomator2-server\apks\appium-uiautomator2-server-debug-androidTest.apk'
[35m[UiAutomator2][39m Waiting up to 30000ms for UiAutomator2 to be online...
[35m[WD Proxy][39m socket hang up
[35m[WD Proxy][39m socket hang up
[35m[WD Proxy][39m socket hang up
[35m[WD Proxy][39m socket hang up
[35m[WD Proxy][39m socket hang up
[35m[WD Proxy][39m Determined the downstream protocol as 'W3C'
[35m[AndroidDriver][39m Screen already unlocked, doing nothing
[35m[UiAutomator2][39m Starting 'com.android.settings/.Settings and waiting for 'com.android.settings/*'
[35m[Appium][39m New AndroidUiautomator2Driver session created successfully, session 5c032ded-77ba-4282-a4c1-8f0706ef78a7 added to master session list
[35m[HTTP][39m [37m<-- POST /wd/hub/session [39m[32m200[39m [90m17182 ms - 1247[39m
[35m[HTTP][39m [90m[39m
[35m[HTTP][39m [37m-->[39m [37mGET[39m [37m/wd/hub/session/5c032ded-77ba-4282-a4c1-8f0706ef78a7[39m
[35m[HTTP][39m [90m{}[39m
[35m[HTTP][39m [37m<-- GET /wd/hub/session/5c032ded-77ba-4282-a4c1-8f0706ef78a7 [39m[32m200[39m [90m33 ms - 1201[39m
[35m[HTTP][39m [90m[39m
[35m[HTTP][39m [37m-->[39m [37mGET[39m [37m/wd/hub/session/5c032ded-77ba-4282-a4c1-8f0706ef78a7[39m
[35m[HTTP][39m [90m{}[39m
[35m[HTTP][39m [37m<-- GET /wd/hub/session/5c032ded-77ba-4282-a4c1-8f0706ef78a7 [39m[32m200[39m [90m33 ms - 1201[39m
[35m[HTTP][39m [90m[39m
[35m[HTTP][39m [37m-->[39m [37mGET[39m [37m/wd/hub/status[39m
[35m[HTTP][39m [90m{}[39m
[35m[HTTP][39m [37m<-- GET /wd/hub/status [39m[32m200[39m [90m2 ms - 68[39m
[35m[HTTP][39m [90m[39m
[35m[HTTP][39m [37m-->[39m [37mPOST[39m [37m/wd/hub/session/5c032ded-77ba-4282-a4c1-8f0706ef78a7/timeouts[39m
[35m[HTTP][39m [90m{"implicit":30000}[39m
[35m[HTTP][39m [37m<-- POST /wd/hub/session/5c032ded-77ba-4282-a4c1-8f0706ef78a7/timeouts [39m[32m200[39m [90m8 ms - 14[39m
[35m[HTTP][39m [90m[39m
[35m[HTTP][39m [37m-->[39m [37mGET[39m [37m/wd/hub/session/5c032ded-77ba-4282-a4c1-8f0706ef78a7/screenshot[39m
[35m[HTTP][39m [90m{}[39m
[35m[HTTP][39m [37m<-- GET /wd/hub/session/5c032ded-77ba-4282-a4c1-8f0706ef78a7/screenshot [39m[32m200[39m [90m1007 ms - 176206[39m
[35m[HTTP][39m [90m[39m
[35m[HTTP][39m [37m-->[39m [37mGET[39m [37m/wd/hub/session/5c032ded-77ba-4282-a4c1-8f0706ef78a7/window/rect[39m
[35m[HTTP][39m [90m{}[39m
[35m[HTTP][39m [37m<-- GET /wd/hub/session/5c032ded-77ba-4282-a4c1-8f0706ef78a7/window/rect [39m[32m200[39m [90m101 ms - 50[39m
[35m[HTTP][39m [90m[39m
[35m[HTTP][39m [37m-->[39m [37mGET[39m [37m/wd/hub/session/5c032ded-77ba-4282-a4c1-8f0706ef78a7/appium/device/system_bars[39m
[35m[HTTP][39m [90m{}[39m
[35m[HTTP][39m [37m<-- GET /wd/hub/session/5c032ded-77ba-4282-a4c1-8f0706ef78a7/appium/device/system_bars [39m[31m500[39m [90m292 ms - 647[39m
[35m[HTTP][39m [90m[39m
[35m[HTTP][39m [37m-->[39m [37mPOST[39m [37m/wd/hub/session/5c032ded-77ba-4282-a4c1-8f0706ef78a7/execute/sync[39m
[35m[HTTP][39m [90m{"script":"mobile:viewportRect","args":[]}[39m
[35m[AndroidDriver][39m Executing native command 'mobile:viewportRect'
[35m[HTTP][39m [37m<-- POST /wd/hub/session/5c032ded-77ba-4282-a4c1-8f0706ef78a7/execute/sync [39m[32m200[39m [90m49 ms - 56[39m
[35m[HTTP][39m [90m[39m
[35m[HTTP][39m [37m-->[39m [37mPOST[39m [37m/wd/hub/session/5c032ded-77ba-4282-a4c1-8f0706ef78a7/appium/device/activate_app[39m
[35m[HTTP][39m [90m{"bundleId":"id.co.bri.brispotnew"}[39m
[35m[HTTP][39m [37m<-- POST /wd/hub/session/5c032ded-77ba-4282-a4c1-8f0706ef78a7/appium/device/activate_app [39m[32m200[39m [90m1068 ms - 14[39m
[35m[HTTP][39m [90m[39m
[35m[HTTP][39m [37m-->[39m [37mPOST[39m [37m/wd/hub/session/5c032ded-77ba-4282-a4c1-8f0706ef78a7/timeouts[39m
[35m[HTTP][39m [90m{"implicit":50}[39m
[35m[HTTP][39m [37m<-- POST /wd/hub/session/5c032ded-77ba-4282-a4c1-8f0706ef78a7/timeouts [39m[32m200[39m [90m4 ms - 14[39m
[35m[HTTP][39m [90m[39m
[35m[HTTP][39m [37m-->[39m [37mGET[39m [37m/wd/hub/session/5c032ded-77ba-4282-a4c1-8f0706ef78a7/window/rect[39m
[35m[HTTP][39m [90m{}[39m
[35m[HTTP][39m [37m<-- GET /wd/hub/session/5c032ded-77ba-4282-a4c1-8f0706ef78a7/window/rect [39m[32m200[39m [90m35 ms - 50[39m
[35m[HTTP][39m [90m[39m
[35m[HTTP][39m [37m-->[39m [37mPOST[39m [37m/wd/hub/session/5c032ded-77ba-4282-a4c1-8f0706ef78a7/elements[39m
[35m[HTTP][39m [90m{"using":"xpath","value":"//*[(@text = 'Pemasaran' or . = 'Pemasaran')]"}[39m
[35m[HTTP][39m [37m<-- POST /wd/hub/session/5c032ded-77ba-4282-a4c1-8f0706ef78a7/elements [39m[32m200[39m [90m1620 ms - 12[39m
[35m[HTTP][39m [90m[39m
[35m[HTTP][39m [37m-->[39m [37mPOST[39m [37m/wd/hub/session/5c032ded-77ba-4282-a4c1-8f0706ef78a7/elements[39m
[35m[HTTP][39m [90m{"using":"xpath","value":"//*[(@text = 'Pemasaran' or . = 'Pemasaran')]"}[39m
[35m[HTTP][39m [37m<-- POST /wd/hub/session/5c032ded-77ba-4282-a4c1-8f0706ef78a7/elements [39m[32m200[39m [90m415 ms - 12[39m
[35m[HTTP][39m [90m[39m
[35m[HTTP][39m [37m-->[39m [37mPOST[39m [37m/wd/hub/session/5c032ded-77ba-4282-a4c1-8f0706ef78a7/elements[39m
[35m[HTTP][39m [90m{"using":"xpath","value":"//*[(@text = 'Pemasaran' or . = 'Pemasaran')]"}[39m
[35m[HTTP][39m [37m<-- POST /wd/hub/session/5c032ded-77ba-4282-a4c1-8f0706ef78a7/elements [39m[32m200[39m [90m363 ms - 12[39m
[35m[HTTP][39m [90m[39m
[35m[HTTP][39m [37m-->[39m [37mPOST[39m [37m/wd/hub/session/5c032ded-77ba-4282-a4c1-8f0706ef78a7/elements[39m
[35m[HTTP][39m [90m{"using":"xpath","value":"//*[(@text = 'Pemasaran' or . = 'Pemasaran')]"}[39m
[35m[HTTP][39m [37m<-- POST /wd/hub/session/5c032ded-77ba-4282-a4c1-8f0706ef78a7/elements [39m[32m200[39m [90m376 ms - 12[39m
[35m[HTTP][39m [90m[39m
[35m[HTTP][39m [37m-->[39m [37mPOST[39m [37m/wd/hub/session/5c032ded-77ba-4282-a4c1-8f0706ef78a7/elements[39m
[35m[HTTP][39m [90m{"using":"xpath","value":"//*[(@text = 'Pemasaran' or . = 'Pemasaran')]"}[39m
[35m[HTTP][39m [37m<-- POST /wd/hub/session/5c032ded-77ba-4282-a4c1-8f0706ef78a7/elements [39m[32m200[39m [90m312 ms - 12[39m
[35m[HTTP][39m [90m[39m
[35m[HTTP][39m [37m-->[39m [37mPOST[39m [37m/wd/hub/session/5c032ded-77ba-4282-a4c1-8f0706ef78a7/elements[39m
[35m[HTTP][39m [90m{"using":"xpath","value":"//*[(@text = 'Pemasaran' or . = 'Pemasaran')]"}[39m
[35m[HTTP][39m [37m<-- POST /wd/hub/session/5c032ded-77ba-4282-a4c1-8f0706ef78a7/elements [39m[32m200[39m [90m297 ms - 12[39m
[35m[HTTP][39m [90m[39m
[35m[HTTP][39m [37m-->[39m [37mPOST[39m [37m/wd/hub/session/5c032ded-77ba-4282-a4c1-8f0706ef78a7/elements[39m
[35m[HTTP][39m [90m{"using":"xpath","value":"//*[(@text = 'Pemasaran' or . = 'Pemasaran')]"}[39m
[35m[HTTP][39m [37m<-- POST /wd/hub/session/5c032ded-77ba-4282-a4c1-8f0706ef78a7/elements [39m[32m200[39m [90m299 ms - 12[39m
[35m[HTTP][39m [90m[39m
[35m[HTTP][39m [37m-->[39m [37mPOST[39m [37m/wd/hub/session/5c032ded-77ba-4282-a4c1-8f0706ef78a7/elements[39m
[35m[HTTP][39m [90m{"using":"xpath","value":"//*[(@text = 'Pemasaran' or . = 'Pemasaran')]"}[39m
[35m[HTTP][39m [37m<-- POST /wd/hub/session/5c032ded-77ba-4282-a4c1-8f0706ef78a7/elements [39m[32m200[39m [90m285 ms - 12[39m
[35m[HTTP][39m [90m[39m
[35m[HTTP][39m [37m-->[39m [37mPOST[39m [37m/wd/hub/session/5c032ded-77ba-4282-a4c1-8f0706ef78a7/elements[39m
[35m[HTTP][39m [90m{"using":"xpath","value":"//*[(@text = 'Pemasaran' or . = 'Pemasaran')]"}[39m
[35m[HTTP][39m [37m<-- POST /wd/hub/session/5c032ded-77ba-4282-a4c1-8f0706ef78a7/elements [39m[32m200[39m [90m289 ms - 12[39m
[35m[HTTP][39m [90m[39m
[35m[HTTP][39m [37m-->[39m [37mPOST[39m [37m/wd/hub/session/5c032ded-77ba-4282-a4c1-8f0706ef78a7/elements[39m
[35m[HTTP][39m [90m{"using":"xpath","value":"//*[(@text = 'Pemasaran' or . = 'Pemasaran')]"}[39m
[35m[HTTP][39m [37m<-- POST /wd/hub/session/5c032ded-77ba-4282-a4c1-8f0706ef78a7/elements [39m[32m200[39m [90m291 ms - 12[39m
[35m[HTTP][39m [90m[39m
[35m[HTTP][39m [37m-->[39m [37mPOST[39m [37m/wd/hub/session/5c032ded-77ba-4282-a4c1-8f0706ef78a7/elements[39m
[35m[HTTP][39m [90m{"using":"xpath","value":"//*[(@text = 'Pemasaran' or . = 'Pemasaran')]"}[39m
[35m[HTTP][39m [37m<-- POST /wd/hub/session/5c032ded-77ba-4282-a4c1-8f0706ef78a7/elements [39m[32m200[39m [90m307 ms - 12[39m
[35m[HTTP][39m [90m[39m
[35m[HTTP][39m [37m-->[39m [37mPOST[39m [37m/wd/hub/session/5c032ded-77ba-4282-a4c1-8f0706ef78a7/elements[39m
[35m[HTTP][39m [90m{"using":"xpath","value":"//*[(@text = 'Pemasaran' or . = 'Pemasaran')]"}[39m
[35m[HTTP][39m [37m<-- POST /wd/hub/session/5c032ded-77ba-4282-a4c1-8f0706ef78a7/elements [39m[32m200[39m [90m262 ms - 12[39m
[35m[HTTP][39m [90m[39m
[35m[HTTP][39m [37m-->[39m [37mPOST[39m [37m/wd/hub/session/5c032ded-77ba-4282-a4c1-8f0706ef78a7/elements[39m
[35m[HTTP][39m [90m{"using":"xpath","value":"//*[(@text = 'Pemasaran' or . = 'Pemasaran')]"}[39m
[35m[HTTP][39m [37m<-- POST /wd/hub/session/5c032ded-77ba-4282-a4c1-8f0706ef78a7/elements [39m[32m200[39m [90m265 ms - 12[39m
[35m[HTTP][39m [90m[39m
[35m[HTTP][39m [37m-->[39m [37mPOST[39m [37m/wd/hub/session/5c032ded-77ba-4282-a4c1-8f0706ef78a7/elements[39m
[35m[HTTP][39m [90m{"using":"xpath","value":"//*[(@text = 'Pemasaran' or . = 'Pemasaran')]"}[39m
[35m[HTTP][39m [37m<-- POST /wd/hub/session/5c032ded-77ba-4282-a4c1-8f0706ef78a7/elements [39m[32m200[39m [90m262 ms - 12[39m
[35m[HTTP][39m [90m[39m
[35m[HTTP][39m [37m-->[39m [37mPOST[39m [37m/wd/hub/session/5c032ded-77ba-4282-a4c1-8f0706ef78a7/elements[39m
[35m[HTTP][39m [90m{"using":"xpath","value":"//*[(@text = 'Pemasaran' or . = 'Pemasaran')]"}[39m
[35m[HTTP][39m [37m<-- POST /wd/hub/session/5c032ded-77ba-4282-a4c1-8f0706ef78a7/elements [39m[32m200[39m [90m224 ms - 12[39m
[35m[HTTP][39m [90m[39m
[35m[HTTP][39m [37m-->[39m [37mPOST[39m [37m/wd/hub/session/5c032ded-77ba-4282-a4c1-8f0706ef78a7/elements[39m
[35m[HTTP][39m [90m{"using":"xpath","value":"//*[(@text = 'Pemasaran' or . = 'Pemasaran')]"}[39m
[35m[HTTP][39m [37m<-- POST /wd/hub/session/5c032ded-77ba-4282-a4c1-8f0706ef78a7/elements [39m[32m200[39m [90m209 ms - 12[39m
[35m[HTTP][39m [90m[39m
[35m[HTTP][39m [37m-->[39m [37mPOST[39m [37m/wd/hub/session/5c032ded-77ba-4282-a4c1-8f0706ef78a7/elements[39m
[35m[HTTP][39m [90m{"using":"xpath","value":"//*[(@text = 'Pemasaran' or . = 'Pemasaran')]"}[39m
[35m[HTTP][39m [37m<-- POST /wd/hub/session/5c032ded-77ba-4282-a4c1-8f0706ef78a7/elements [39m[32m200[39m [90m223 ms - 12[39m
[35m[HTTP][39m [90m[39m
[35m[HTTP][39m [37m-->[39m [37mPOST[39m [37m/wd/hub/session/5c032ded-77ba-4282-a4c1-8f0706ef78a7/elements[39m
[35m[HTTP][39m [90m{"using":"xpath","value":"//*[(@text = 'Pemasaran' or . = 'Pemasaran')]"}[39m
[35m[HTTP][39m [37m<-- POST /wd/hub/session/5c032ded-77ba-4282-a4c1-8f0706ef78a7/elements [39m[32m200[39m [90m195 ms - 12[39m
[35m[HTTP][39m [90m[39m
[35m[HTTP][39m [37m-->[39m [37mPOST[39m [37m/wd/hub/session/5c032ded-77ba-4282-a4c1-8f0706ef78a7/elements[39m
[35m[HTTP][39m [90m{"using":"xpath","value":"//*[(@text = 'Pemasaran' or . = 'Pemasaran')]"}[39m
[35m[HTTP][39m [37m<-- POST /wd/hub/session/5c032ded-77ba-4282-a4c1-8f0706ef78a7/elements [39m[32m200[39m [90m225 ms - 12[39m
[35m[HTTP][39m [90m[39m
[35m[HTTP][39m [37m-->[39m [37mPOST[39m [37m/wd/hub/session/5c032ded-77ba-4282-a4c1-8f0706ef78a7/elements[39m
[35m[HTTP][39m [90m{"using":"xpath","value":"//*[(@text = 'Pemasaran' or . = 'Pemasaran')]"}[39m
[35m[HTTP][39m [37m<-- POST /wd/hub/session/5c032ded-77ba-4282-a4c1-8f0706ef78a7/elements [39m[32m200[39m [90m189 ms - 12[39m
[35m[HTTP][39m [90m[39m
[35m[HTTP][39m [37m-->[39m [37mPOST[39m [37m/wd/hub/session/5c032ded-77ba-4282-a4c1-8f0706ef78a7/elements[39m
[35m[HTTP][39m [90m{"using":"xpath","value":"//*[(@text = 'Pemasaran' or . = 'Pemasaran')]"}[39m
[35m[HTTP][39m [37m<-- POST /wd/hub/session/5c032ded-77ba-4282-a4c1-8f0706ef78a7/elements [39m[32m200[39m [90m164 ms - 12[39m
[35m[HTTP][39m [90m[39m
[35m[HTTP][39m [37m-->[39m [37mPOST[39m [37m/wd/hub/session/5c032ded-77ba-4282-a4c1-8f0706ef78a7/elements[39m
[35m[HTTP][39m [90m{"using":"xpath","value":"//*[(@text = 'Pemasaran' or . = 'Pemasaran')]"}[39m
[35m[HTTP][39m [37m<-- POST /wd/hub/session/5c032ded-77ba-4282-a4c1-8f0706ef78a7/elements [39m[32m200[39m [90m162 ms - 12[39m
[35m[HTTP][39m [90m[39m
[35m[HTTP][39m [37m-->[39m [37mPOST[39m [37m/wd/hub/session/5c032ded-77ba-4282-a4c1-8f0706ef78a7/elements[39m
[35m[HTTP][39m [90m{"using":"xpath","value":"//*[(@text = 'Pemasaran' or . = 'Pemasaran')]"}[39m
[35m[HTTP][39m [37m<-- POST /wd/hub/session/5c032ded-77ba-4282-a4c1-8f0706ef78a7/elements [39m[32m200[39m [90m179 ms - 12[39m
[35m[HTTP][39m [90m[39m
[35m[HTTP][39m [37m-->[39m [37mPOST[39m [37m/wd/hub/session/5c032ded-77ba-4282-a4c1-8f0706ef78a7/elements[39m
[35m[HTTP][39m [90m{"using":"xpath","value":"//*[(@text = 'Pemasaran' or . = 'Pemasaran')]"}[39m
[35m[HTTP][39m [37m<-- POST /wd/hub/session/5c032ded-77ba-4282-a4c1-8f0706ef78a7/elements [39m[32m200[39m [90m148 ms - 12[39m
[35m[HTTP][39m [90m[39m
[35m[HTTP][39m [37m-->[39m [37mPOST[39m [37m/wd/hub/session/5c032ded-77ba-4282-a4c1-8f0706ef78a7/elements[39m
[35m[HTTP][39m [90m{"using":"xpath","value":"//*[(@text = 'Pemasaran' or . = 'Pemasaran')]"}[39m
[35m[HTTP][39m [37m<-- POST /wd/hub/session/5c032ded-77ba-4282-a4c1-8f0706ef78a7/elements [39m[32m200[39m [90m147 ms - 12[39m
[35m[HTTP][39m [90m[39m
[35m[HTTP][39m [37m-->[39m [37mPOST[39m [37m/wd/hub/session/5c032ded-77ba-4282-a4c1-8f0706ef78a7/elements[39m
[35m[HTTP][39m [90m{"using":"xpath","value":"//*[(@text = 'Pemasaran' or . = 'Pemasaran')]"}[39m
[35m[HTTP][39m [37m<-- POST /wd/hub/session/5c032ded-77ba-4282-a4c1-8f0706ef78a7/elements [39m[32m200[39m [90m138 ms - 12[39m
[35m[HTTP][39m [90m[39m
[35m[HTTP][39m [37m-->[39m [37mPOST[39m [37m/wd/hub/session/5c032ded-77ba-4282-a4c1-8f0706ef78a7/elements[39m
[35m[HTTP][39m [90m{"using":"xpath","value":"//*[(@text = 'Pemasaran' or . = 'Pemasaran')]"}[39m
[35m[HTTP][39m [37m<-- POST /wd/hub/session/5c032ded-77ba-4282-a4c1-8f0706ef78a7/elements [39m[32m200[39m [90m168 ms - 12[39m
[35m[HTTP][39m [90m[39m
[35m[HTTP][39m [37m-->[39m [37mPOST[39m [37m/wd/hub/session/5c032ded-77ba-4282-a4c1-8f0706ef78a7/elements[39m
[35m[HTTP][39m [90m{"using":"xpath","value":"//*[(@text = 'Pemasaran' or . = 'Pemasaran')]"}[39m
[35m[HTTP][39m [37m<-- POST /wd/hub/session/5c032ded-77ba-4282-a4c1-8f0706ef78a7/elements [39m[32m200[39m [90m140 ms - 12[39m
[35m[HTTP][39m [90m[39m
[35m[HTTP][39m [37m-->[39m [37mPOST[39m [37m/wd/hub/session/5c032ded-77ba-4282-a4c1-8f0706ef78a7/elements[39m
[35m[HTTP][39m [90m{"using":"xpath","value":"//*[(@text = 'Pemasaran' or . = 'Pemasaran')]"}[39m
[35m[HTTP][39m [37m<-- POST /wd/hub/session/5c032ded-77ba-4282-a4c1-8f0706ef78a7/elements [39m[32m200[39m [90m131 ms - 12[39m
[35m[HTTP][39m [90m[39m
[35m[HTTP][39m [37m-->[39m [37mPOST[39m [37m/wd/hub/session/5c032ded-77ba-4282-a4c1-8f0706ef78a7/elements[39m
[35m[HTTP][39m [90m{"using":"xpath","value":"//*[(@text = 'Pemasaran' or . = 'Pemasaran')]"}[39m
[35m[HTTP][39m [37m<-- POST /wd/hub/session/5c032ded-77ba-4282-a4c1-8f0706ef78a7/elements [39m[32m200[39m [90m182 ms - 12[39m
[35m[HTTP][39m [90m[39m
[35m[HTTP][39m [37m-->[39m [37mPOST[39m [37m/wd/hub/session/5c032ded-77ba-4282-a4c1-8f0706ef78a7/elements[39m
[35m[HTTP][39m [90m{"using":"xpath","value":"//*[(@text = 'Pemasaran' or . = 'Pemasaran')]"}[39m
[35m[HTTP][39m [37m<-- POST /wd/hub/session/5c032ded-77ba-4282-a4c1-8f0706ef78a7/elements [39m[32m200[39m [90m128 ms - 12[39m
[35m[HTTP][39m [90m[39m
[35m[HTTP][39m [37m-->[39m [37mPOST[39m [37m/wd/hub/session/5c032ded-77ba-4282-a4c1-8f0706ef78a7/elements[39m
[35m[HTTP][39m [90m{"using":"xpath","value":"//*[(@text = 'Pemasaran' or . = 'Pemasaran')]"}[39m
[35m[HTTP][39m [37m<-- POST /wd/hub/session/5c032ded-77ba-4282-a4c1-8f0706ef78a7/elements [39m[32m200[39m [90m129 ms - 12[39m
[35m[HTTP][39m [90m[39m
[35m[HTTP][39m [37m-->[39m [37mPOST[39m [37m/wd/hub/session/5c032ded-77ba-4282-a4c1-8f0706ef78a7/elements[39m
[35m[HTTP][39m [90m{"using":"xpath","value":"//*[(@text = 'Pemasaran' or . = 'Pemasaran')]"}[39m
[35m[HTTP][39m [37m<-- POST /wd/hub/session/5c032ded-77ba-4282-a4c1-8f0706ef78a7/elements [39m[32m200[39m [90m119 ms - 12[39m
[35m[HTTP][39m [90m[39m
[35m[HTTP][39m [37m-->[39m [37mPOST[39m [37m/wd/hub/session/5c032ded-77ba-4282-a4c1-8f0706ef78a7/elements[39m
[35m[HTTP][39m [90m{"using":"xpath","value":"//*[(@text = 'Pemasaran' or . = 'Pemasaran')]"}[39m
[35m[HTTP][39m [37m<-- POST /wd/hub/session/5c032ded-77ba-4282-a4c1-8f0706ef78a7/elements [39m[32m200[39m [90m133 ms - 12[39m
[35m[HTTP][39m [90m[39m
[35m[HTTP][39m [37m-->[39m [37mPOST[39m [37m/wd/hub/session/5c032ded-77ba-4282-a4c1-8f0706ef78a7/elements[39m
[35m[HTTP][39m [90m{"using":"xpath","value":"//*[(@text = 'Pemasaran' or . = 'Pemasaran')]"}[39m
[35m[HTTP][39m [37m<-- POST /wd/hub/session/5c032ded-77ba-4282-a4c1-8f0706ef78a7/elements [39m[32m200[39m [90m122 ms - 12[39m
[35m[HTTP][39m [90m[39m
[35m[HTTP][39m [37m-->[39m [37mPOST[39m [37m/wd/hub/session/5c032ded-77ba-4282-a4c1-8f0706ef78a7/elements[39m
[35m[HTTP][39m [90m{"using":"xpath","value":"//*[(@text = 'Pemasaran' or . = 'Pemasaran')]"}[39m
[35m[HTTP][39m [37m<-- POST /wd/hub/session/5c032ded-77ba-4282-a4c1-8f0706ef78a7/elements [39m[32m200[39m [90m116 ms - 12[39m
[35m[HTTP][39m [90m[39m
[35m[HTTP][39m [37m-->[39m [37mPOST[39m [37m/wd/hub/session/5c032ded-77ba-4282-a4c1-8f0706ef78a7/elements[39m
[35m[HTTP][39m [90m{"using":"xpath","value":"//*[(@text = 'Pemasaran' or . = 'Pemasaran')]"}[39m
[35m[HTTP][39m [37m<-- POST /wd/hub/session/5c032ded-77ba-4282-a4c1-8f0706ef78a7/elements [39m[32m200[39m [90m130 ms - 12[39m
[35m[HTTP][39m [90m[39m
[35m[HTTP][39m [37m-->[39m [37mPOST[39m [37m/wd/hub/session/5c032ded-77ba-4282-a4c1-8f0706ef78a7/elements[39m
[35m[HTTP][39m [90m{"using":"xpath","value":"//*[(@text = 'Pemasaran' or . = 'Pemasaran')]"}[39m
[35m[HTTP][39m [37m<-- POST /wd/hub/session/5c032ded-77ba-4282-a4c1-8f0706ef78a7/elements [39m[32m200[39m [90m113 ms - 12[39m
[35m[HTTP][39m [90m[39m
[35m[HTTP][39m [37m-->[39m [37mPOST[39m [37m/wd/hub/session/5c032ded-77ba-4282-a4c1-8f0706ef78a7/elements[39m
[35m[HTTP][39m [90m{"using":"xpath","value":"//*[(@text = 'Pemasaran' or . = 'Pemasaran')]"}[39m
[35m[HTTP][39m [37m<-- POST /wd/hub/session/5c032ded-77ba-4282-a4c1-8f0706ef78a7/elements [39m[32m200[39m [90m111 ms - 12[39m
[35m[HTTP][39m [90m[39m
[35m[HTTP][39m [37m-->[39m [37mPOST[39m [37m/wd/hub/session/5c032ded-77ba-4282-a4c1-8f0706ef78a7/elements[39m
[35m[HTTP][39m [90m{"using":"xpath","value":"//*[(@text = 'Pemasaran' or . = 'Pemasaran')]"}[39m
[35m[HTTP][39m [37m<-- POST /wd/hub/session/5c032ded-77ba-4282-a4c1-8f0706ef78a7/elements [39m[32m200[39m [90m111 ms - 12[39m
[35m[HTTP][39m [90m[39m
[35m[HTTP][39m [37m-->[39m [37mPOST[39m [37m/wd/hub/session/5c032ded-77ba-4282-a4c1-8f0706ef78a7/elements[39m
[35m[HTTP][39m [90m{"using":"xpath","value":"//*[(@text = 'Pemasaran' or . = 'Pemasaran')]"}[39m
[35m[HTTP][39m [37m<-- POST /wd/hub/session/5c032ded-77ba-4282-a4c1-8f0706ef78a7/elements [39m[32m200[39m [90m126 ms - 12[39m
[35m[HTTP][39m [90m[39m
[35m[HTTP][39m [37m-->[39m [37mPOST[39m [37m/wd/hub/session/5c032ded-77ba-4282-a4c1-8f0706ef78a7/elements[39m
[35m[HTTP][39m [90m{"using":"xpath","value":"//*[(@text = 'Pemasaran' or . = 'Pemasaran')]"}[39m
[35m[HTTP][39m [37m<-- POST /wd/hub/session/5c032ded-77ba-4282-a4c1-8f0706ef78a7/elements [39m[32m200[39m [90m144 ms - 12[39m
[35m[HTTP][39m [90m[39m
[35m[HTTP][39m [37m-->[39m [37mPOST[39m [37m/wd/hub/session/5c032ded-77ba-4282-a4c1-8f0706ef78a7/elements[39m
[35m[HTTP][39m [90m{"using":"xpath","value":"//*[(@text = 'Pemasaran' or . = 'Pemasaran')]"}[39m
[35m[HTTP][39m [37m<-- POST /wd/hub/session/5c032ded-77ba-4282-a4c1-8f0706ef78a7/elements [39m[32m200[39m [90m109 ms - 12[39m
[35m[HTTP][39m [90m[39m
[35m[HTTP][39m [37m-->[39m [37mPOST[39m [37m/wd/hub/session/5c032ded-77ba-4282-a4c1-8f0706ef78a7/elements[39m
[35m[HTTP][39m [90m{"using":"xpath","value":"//*[(@text = 'Pemasaran' or . = 'Pemasaran')]"}[39m
[35m[HTTP][39m [37m<-- POST /wd/hub/session/5c032ded-77ba-4282-a4c1-8f0706ef78a7/elements [39m[32m200[39m [90m127 ms - 12[39m
[35m[HTTP][39m [90m[39m
[35m[HTTP][39m [37m-->[39m [37mPOST[39m [37m/wd/hub/session/5c032ded-77ba-4282-a4c1-8f0706ef78a7/elements[39m
[35m[HTTP][39m [90m{"using":"xpath","value":"//*[(@text = 'Pemasaran' or . = 'Pemasaran')]"}[39m
[35m[HTTP][39m [37m<-- POST /wd/hub/session/5c032ded-77ba-4282-a4c1-8f0706ef78a7/elements [39m[32m200[39m [90m112 ms - 12[39m
[35m[HTTP][39m [90m[39m
[35m[HTTP][39m [37m-->[39m [37mPOST[39m [37m/wd/hub/session/5c032ded-77ba-4282-a4c1-8f0706ef78a7/elements[39m
[35m[HTTP][39m [90m{"using":"xpath","value":"//*[(@text = 'Pemasaran' or . = 'Pemasaran')]"}[39m
[35m[HTTP][39m [37m<-- POST /wd/hub/session/5c032ded-77ba-4282-a4c1-8f0706ef78a7/elements [39m[32m200[39m [90m110 ms - 12[39m
[35m[HTTP][39m [90m[39m
[35m[HTTP][39m [37m-->[39m [37mPOST[39m [37m/wd/hub/session/5c032ded-77ba-4282-a4c1-8f0706ef78a7/elements[39m
[35m[HTTP][39m [90m{"using":"xpath","value":"//*[(@text = 'Pemasaran' or . = 'Pemasaran')]"}[39m
[35m[HTTP][39m [37m<-- POST /wd/hub/session/5c032ded-77ba-4282-a4c1-8f0706ef78a7/elements [39m[32m200[39m [90m119 ms - 12[39m
[35m[HTTP][39m [90m[39m
[35m[HTTP][39m [37m-->[39m [37mPOST[39m [37m/wd/hub/session/5c032ded-77ba-4282-a4c1-8f0706ef78a7/elements[39m
[35m[HTTP][39m [90m{"using":"xpath","value":"//*[(@text = 'Pemasaran' or . = 'Pemasaran')]"}[39m
[35m[HTTP][39m [37m<-- POST /wd/hub/session/5c032ded-77ba-4282-a4c1-8f0706ef78a7/elements [39m[32m200[39m [90m121 ms - 12[39m
[35m[HTTP][39m [90m[39m
[35m[HTTP][39m [37m-->[39m [37mPOST[39m [37m/wd/hub/session/5c032ded-77ba-4282-a4c1-8f0706ef78a7/elements[39m
[35m[HTTP][39m [90m{"using":"xpath","value":"//*[(@text = 'Pemasaran' or . = 'Pemasaran')]"}[39m
[35m[HTTP][39m [37m<-- POST /wd/hub/session/5c032ded-77ba-4282-a4c1-8f0706ef78a7/elements [39m[32m200[39m [90m113 ms - 12[39m
[35m[HTTP][39m [90m[39m
[35m[HTTP][39m [37m-->[39m [37mPOST[39m [37m/wd/hub/session/5c032ded-77ba-4282-a4c1-8f0706ef78a7/elements[39m
[35m[HTTP][39m [90m{"using":"xpath","value":"//*[(@text = 'Pemasaran' or . = 'Pemasaran')]"}[39m
[35m[HTTP][39m [37m<-- POST /wd/hub/session/5c032ded-77ba-4282-a4c1-8f0706ef78a7/elements [39m[32m200[39m [90m117 ms - 12[39m
[35m[HTTP][39m [90m[39m
[35m[HTTP][39m [37m-->[39m [37mPOST[39m [37m/wd/hub/session/5c032ded-77ba-4282-a4c1-8f0706ef78a7/elements[39m
[35m[HTTP][39m [90m{"using":"xpath","value":"//*[(@text = 'Pemasaran' or . = 'Pemasaran')]"}[39m
[35m[HTTP][39m [37m<-- POST /wd/hub/session/5c032ded-77ba-4282-a4c1-8f0706ef78a7/elements [39m[32m200[39m [90m131 ms - 12[39m
[35m[HTTP][39m [90m[39m
[35m[HTTP][39m [37m-->[39m [37mPOST[39m [37m/wd/hub/session/5c032ded-77ba-4282-a4c1-8f0706ef78a7/elements[39m
[35m[HTTP][39m [90m{"using":"xpath","value":"//*[(@text = 'Pemasaran' or . = 'Pemasaran')]"}[39m
[35m[HTTP][39m [37m<-- POST /wd/hub/session/5c032ded-77ba-4282-a4c1-8f0706ef78a7/elements [39m[32m200[39m [90m107 ms - 12[39m
[35m[HTTP][39m [90m[39m
[35m[HTTP][39m [37m-->[39m [37mPOST[39m [37m/wd/hub/session/5c032ded-77ba-4282-a4c1-8f0706ef78a7/elements[39m
[35m[HTTP][39m [90m{"using":"xpath","value":"//*[(@text = 'Pemasaran' or . = 'Pemasaran')]"}[39m
[35m[HTTP][39m [37m<-- POST /wd/hub/session/5c032ded-77ba-4282-a4c1-8f0706ef78a7/elements [39m[32m200[39m [90m118 ms - 12[39m
[35m[HTTP][39m [90m[39m
[35m[HTTP][39m [37m-->[39m [37mPOST[39m [37m/wd/hub/session/5c032ded-77ba-4282-a4c1-8f0706ef78a7/elements[39m
[35m[HTTP][39m [90m{"using":"xpath","value":"//*[(@text = 'Pemasaran' or . = 'Pemasaran')]"}[39m
[35m[HTTP][39m [37m<-- POST /wd/hub/session/5c032ded-77ba-4282-a4c1-8f0706ef78a7/elements [39m[32m200[39m [90m107 ms - 12[39m
[35m[HTTP][39m [90m[39m
[35m[HTTP][39m [37m-->[39m [37mPOST[39m [37m/wd/hub/session/5c032ded-77ba-4282-a4c1-8f0706ef78a7/elements[39m
[35m[HTTP][39m [90m{"using":"xpath","value":"//*[(@text = 'Pemasaran' or . = 'Pemasaran')]"}[39m
[35m[HTTP][39m [37m<-- POST /wd/hub/session/5c032ded-77ba-4282-a4c1-8f0706ef78a7/elements [39m[32m200[39m [90m159 ms - 12[39m
[35m[HTTP][39m [90m[39m
[35m[HTTP][39m [37m-->[39m [37mPOST[39m [37m/wd/hub/session/5c032ded-77ba-4282-a4c1-8f0706ef78a7/elements[39m
[35m[HTTP][39m [90m{"using":"xpath","value":"//*[(@text = 'Pemasaran' or . = 'Pemasaran')]"}[39m
[35m[HTTP][39m [37m<-- POST /wd/hub/session/5c032ded-77ba-4282-a4c1-8f0706ef78a7/elements [39m[32m200[39m [90m107 ms - 12[39m
[35m[HTTP][39m [90m[39m
[35m[HTTP][39m [37m-->[39m [37mPOST[39m [37m/wd/hub/session/5c032ded-77ba-4282-a4c1-8f0706ef78a7/elements[39m
[35m[HTTP][39m [90m{"using":"xpath","value":"//*[(@text = 'Pemasaran' or . = 'Pemasaran')]"}[39m
[35m[HTTP][39m [37m<-- POST /wd/hub/session/5c032ded-77ba-4282-a4c1-8f0706ef78a7/elements [39m[32m200[39m [90m109 ms - 12[39m
[35m[HTTP][39m [90m[39m
[35m[HTTP][39m [37m-->[39m [37mPOST[39m [37m/wd/hub/session/5c032ded-77ba-4282-a4c1-8f0706ef78a7/elements[39m
[35m[HTTP][39m [90m{"using":"xpath","value":"//*[(@text = 'Pemasaran' or . = 'Pemasaran')]"}[39m
[35m[HTTP][39m [37m<-- POST /wd/hub/session/5c032ded-77ba-4282-a4c1-8f0706ef78a7/elements [39m[32m200[39m [90m109 ms - 12[39m
[35m[HTTP][39m [90m[39m
[35m[HTTP][39m [37m-->[39m [37mPOST[39m [37m/wd/hub/session/5c032ded-77ba-4282-a4c1-8f0706ef78a7/elements[39m
[35m[HTTP][39m [90m{"using":"xpath","value":"//*[(@text = 'Pemasaran' or . = 'Pemasaran')]"}[39m
[35m[HTTP][39m [37m<-- POST /wd/hub/session/5c032ded-77ba-4282-a4c1-8f0706ef78a7/elements [39m[32m200[39m [90m106 ms - 12[39m
[35m[HTTP][39m [90m[39m
[35m[HTTP][39m [37m-->[39m [37mPOST[39m [37m/wd/hub/session/5c032ded-77ba-4282-a4c1-8f0706ef78a7/elements[39m
[35m[HTTP][39m [90m{"using":"xpath","value":"//*[(@text = 'Pemasaran' or . = 'Pemasaran')]"}[39m
[35m[HTTP][39m [37m<-- POST /wd/hub/session/5c032ded-77ba-4282-a4c1-8f0706ef78a7/elements [39m[32m200[39m [90m104 ms - 12[39m
[35m[HTTP][39m [90m[39m
[35m[HTTP][39m [37m-->[39m [37mPOST[39m [37m/wd/hub/session/5c032ded-77ba-4282-a4c1-8f0706ef78a7/elements[39m
[35m[HTTP][39m [90m{"using":"xpath","value":"//*[(@text = 'Pemasaran' or . = 'Pemasaran')]"}[39m
[35m[HTTP][39m [37m<-- POST /wd/hub/session/5c032ded-77ba-4282-a4c1-8f0706ef78a7/elements [39m[32m200[39m [90m104 ms - 12[39m
[35m[HTTP][39m [90m[39m
[35m[HTTP][39m [37m-->[39m [37mPOST[39m [37m/wd/hub/session/5c032ded-77ba-4282-a4c1-8f0706ef78a7/elements[39m
[35m[HTTP][39m [90m{"using":"xpath","value":"//*[(@text = 'Pemasaran' or . = 'Pemasaran')]"}[39m
[35m[HTTP][39m [37m<-- POST /wd/hub/session/5c032ded-77ba-4282-a4c1-8f0706ef78a7/elements [39m[32m200[39m [90m149 ms - 12[39m
[35m[HTTP][39m [90m[39m
[35m[HTTP][39m [37m-->[39m [37mPOST[39m [37m/wd/hub/session/5c032ded-77ba-4282-a4c1-8f0706ef78a7/elements[39m
[35m[HTTP][39m [90m{"using":"xpath","value":"//*[(@text = 'Pemasaran' or . = 'Pemasaran')]"}[39m
[35m[HTTP][39m [37m<-- POST /wd/hub/session/5c032ded-77ba-4282-a4c1-8f0706ef78a7/elements [39m[32m200[39m [90m102 ms - 12[39m
[35m[HTTP][39m [90m[39m
[35m[HTTP][39m [37m-->[39m [37mPOST[39m [37m/wd/hub/session/5c032ded-77ba-4282-a4c1-8f0706ef78a7/elements[39m
[35m[HTTP][39m [90m{"using":"xpath","value":"//*[(@text = 'Pemasaran' or . = 'Pemasaran')]"}[39m
[35m[HTTP][39m [37m<-- POST /wd/hub/session/5c032ded-77ba-4282-a4c1-8f0706ef78a7/elements [39m[32m200[39m [90m100 ms - 12[39m
[35m[HTTP][39m [90m[39m
[35m[HTTP][39m [37m-->[39m [37mPOST[39m [37m/wd/hub/session/5c032ded-77ba-4282-a4c1-8f0706ef78a7/elements[39m
[35m[HTTP][39m [90m{"using":"xpath","value":"//*[(@text = 'Pemasaran' or . = 'Pemasaran')]"}[39m
[35m[HTTP][39m [37m<-- POST /wd/hub/session/5c032ded-77ba-4282-a4c1-8f0706ef78a7/elements [39m[32m200[39m [90m119 ms - 12[39m
[35m[HTTP][39m [90m[39m
[35m[HTTP][39m [37m-->[39m [37mPOST[39m [37m/wd/hub/session/5c032ded-77ba-4282-a4c1-8f0706ef78a7/elements[39m
[35m[HTTP][39m [90m{"using":"xpath","value":"//*[(@text = 'Pemasaran' or . = 'Pemasaran')]"}[39m
[35m[HTTP][39m [37m<-- POST /wd/hub/session/5c032ded-77ba-4282-a4c1-8f0706ef78a7/elements [39m[32m200[39m [90m100 ms - 12[39m
[35m[HTTP][39m [90m[39m
[35m[HTTP][39m [37m-->[39m [37mPOST[39m [37m/wd/hub/session/5c032ded-77ba-4282-a4c1-8f0706ef78a7/elements[39m
[35m[HTTP][39m [90m{"using":"xpath","value":"//*[(@text = 'Pemasaran' or . = 'Pemasaran')]"}[39m
[35m[HTTP][39m [37m<-- POST /wd/hub/session/5c032ded-77ba-4282-a4c1-8f0706ef78a7/elements [39m[32m200[39m [90m103 ms - 12[39m
[35m[HTTP][39m [90m[39m
[35m[HTTP][39m [37m-->[39m [37mPOST[39m [37m/wd/hub/session/5c032ded-77ba-4282-a4c1-8f0706ef78a7/elements[39m
[35m[HTTP][39m [90m{"using":"xpath","value":"//*[(@text = 'Pemasaran' or . = 'Pemasaran')]"}[39m
[35m[HTTP][39m [37m<-- POST /wd/hub/session/5c032ded-77ba-4282-a4c1-8f0706ef78a7/elements [39m[32m200[39m [90m100 ms - 12[39m
[35m[HTTP][39m [90m[39m
[35m[HTTP][39m [37m-->[39m [37mPOST[39m [37m/wd/hub/session/5c032ded-77ba-4282-a4c1-8f0706ef78a7/elements[39m
[35m[HTTP][39m [90m{"using":"xpath","value":"//*[(@text = 'Pemasaran' or . = 'Pemasaran')]"}[39m
[35m[HTTP][39m [37m<-- POST /wd/hub/session/5c032ded-77ba-4282-a4c1-8f0706ef78a7/elements [39m[32m200[39m [90m123 ms - 12[39m
[35m[HTTP][39m [90m[39m
[35m[HTTP][39m [37m-->[39m [37mPOST[39m [37m/wd/hub/session/5c032ded-77ba-4282-a4c1-8f0706ef78a7/elements[39m
[35m[HTTP][39m [90m{"using":"xpath","value":"//*[(@text = 'Pemasaran' or . = 'Pemasaran')]"}[39m
[35m[HTTP][39m [37m<-- POST /wd/hub/session/5c032ded-77ba-4282-a4c1-8f0706ef78a7/elements [39m[32m200[39m [90m97 ms - 12[39m
[35m[HTTP][39m [90m[39m
[35m[HTTP][39m [37m-->[39m [37mPOST[39m [37m/wd/hub/session/5c032ded-77ba-4282-a4c1-8f0706ef78a7/elements[39m
[35m[HTTP][39m [90m{"using":"xpath","value":"//*[(@text = 'Pemasaran' or . = 'Pemasaran')]"}[39m
[35m[HTTP][39m [37m<-- POST /wd/hub/session/5c032ded-77ba-4282-a4c1-8f0706ef78a7/elements [39m[32m200[39m [90m95 ms - 12[39m
[35m[HTTP][39m [90m[39m
[35m[HTTP][39m [37m-->[39m [37mPOST[39m [37m/wd/hub/session/5c032ded-77ba-4282-a4c1-8f0706ef78a7/elements[39m
[35m[HTTP][39m [90m{"using":"xpath","value":"//*[(@text = 'Pemasaran' or . = 'Pemasaran')]"}[39m
[35m[HTTP][39m [37m<-- POST /wd/hub/session/5c032ded-77ba-4282-a4c1-8f0706ef78a7/elements [39m[32m200[39m [90m116 ms - 12[39m
[35m[HTTP][39m [90m[39m
[35m[HTTP][39m [37m-->[39m [37mPOST[39m [37m/wd/hub/session/5c032ded-77ba-4282-a4c1-8f0706ef78a7/elements[39m
[35m[HTTP][39m [90m{"using":"xpath","value":"//*[(@text = 'Pemasaran' or . = 'Pemasaran')]"}[39m
[35m[HTTP][39m [37m<-- POST /wd/hub/session/5c032ded-77ba-4282-a4c1-8f0706ef78a7/elements [39m[32m200[39m [90m95 ms - 12[39m
[35m[HTTP][39m [90m[39m
[35m[HTTP][39m [37m-->[39m [37mPOST[39m [37m/wd/hub/session/5c032ded-77ba-4282-a4c1-8f0706ef78a7/elements[39m
[35m[HTTP][39m [90m{"using":"xpath","value":"//*[(@text = 'Pemasaran' or . = 'Pemasaran')]"}[39m
[35m[HTTP][39m [37m<-- POST /wd/hub/session/5c032ded-77ba-4282-a4c1-8f0706ef78a7/elements [39m[32m200[39m [90m102 ms - 12[39m
[35m[HTTP][39m [90m[39m
[35m[HTTP][39m [37m-->[39m [37mPOST[39m [37m/wd/hub/session/5c032ded-77ba-4282-a4c1-8f0706ef78a7/elements[39m
[35m[HTTP][39m [90m{"using":"xpath","value":"//*[(@text = 'Pemasaran' or . = 'Pemasaran')]"}[39m
[35m[HTTP][39m [37m<-- POST /wd/hub/session/5c032ded-77ba-4282-a4c1-8f0706ef78a7/elements [39m[32m200[39m [90m93 ms - 12[39m
[35m[HTTP][39m [90m[39m
[35m[HTTP][39m [37m-->[39m [37mPOST[39m [37m/wd/hub/session/5c032ded-77ba-4282-a4c1-8f0706ef78a7/elements[39m
[35m[HTTP][39m [90m{"using":"xpath","value":"//*[(@text = 'Pemasaran' or . = 'Pemasaran')]"}[39m
[35m[HTTP][39m [37m<-- POST /wd/hub/session/5c032ded-77ba-4282-a4c1-8f0706ef78a7/elements [39m[32m200[39m [90m110 ms - 12[39m
[35m[HTTP][39m [90m[39m
[35m[HTTP][39m [37m-->[39m [37mPOST[39m [37m/wd/hub/session/5c032ded-77ba-4282-a4c1-8f0706ef78a7/elements[39m
[35m[HTTP][39m [90m{"using":"xpath","value":"//*[(@text = 'Pemasaran' or . = 'Pemasaran')]"}[39m
[35m[HTTP][39m [37m<-- POST /wd/hub/session/5c032ded-77ba-4282-a4c1-8f0706ef78a7/elements [39m[32m200[39m [90m97 ms - 12[39m
[35m[HTTP][39m [90m[39m
[35m[HTTP][39m [37m-->[39m [37mPOST[39m [37m/wd/hub/session/5c032ded-77ba-4282-a4c1-8f0706ef78a7/elements[39m
[35m[HTTP][39m [90m{"using":"xpath","value":"//*[(@text = 'Pemasaran' or . = 'Pemasaran')]"}[39m
[35m[HTTP][39m [37m<-- POST /wd/hub/session/5c032ded-77ba-4282-a4c1-8f0706ef78a7/elements [39m[32m200[39m [90m93 ms - 12[39m
[35m[HTTP][39m [90m[39m
[35m[HTTP][39m [37m-->[39m [37mPOST[39m [37m/wd/hub/session/5c032ded-77ba-4282-a4c1-8f0706ef78a7/elements[39m
[35m[HTTP][39m [90m{"using":"xpath","value":"//*[(@text = 'Pemasaran' or . = 'Pemasaran')]"}[39m
[35m[HTTP][39m [37m<-- POST /wd/hub/session/5c032ded-77ba-4282-a4c1-8f0706ef78a7/elements [39m[32m200[39m [90m153 ms - 12[39m
[35m[HTTP][39m [90m[39m
[35m[HTTP][39m [37m-->[39m [37mPOST[39m [37m/wd/hub/session/5c032ded-77ba-4282-a4c1-8f0706ef78a7/elements[39m
[35m[HTTP][39m [90m{"using":"xpath","value":"//*[(@text = 'Pemasaran' or . = 'Pemasaran')]"}[39m
[35m[HTTP][39m [37m<-- POST /wd/hub/session/5c032ded-77ba-4282-a4c1-8f0706ef78a7/elements [39m[32m200[39m [90m99 ms - 12[39m
[35m[HTTP][39m [90m[39m
[35m[HTTP][39m [37m-->[39m [37mPOST[39m [37m/wd/hub/session/5c032ded-77ba-4282-a4c1-8f0706ef78a7/elements[39m
[35m[HTTP][39m [90m{"using":"xpath","value":"//*[(@text = 'Pemasaran' or . = 'Pemasaran')]"}[39m
[35m[HTTP][39m [37m<-- POST /wd/hub/session/5c032ded-77ba-4282-a4c1-8f0706ef78a7/elements [39m[32m200[39m [90m94 ms - 12[39m
[35m[HTTP][39m [90m[39m
[35m[HTTP][39m [37m-->[39m [37mPOST[39m [37m/wd/hub/session/5c032ded-77ba-4282-a4c1-8f0706ef78a7/elements[39m
[35m[HTTP][39m [90m{"using":"xpath","value":"//*[(@text = 'Pemasaran' or . = 'Pemasaran')]"}[39m
[35m[HTTP][39m [37m<-- POST /wd/hub/session/5c032ded-77ba-4282-a4c1-8f0706ef78a7/elements [39m[32m200[39m [90m95 ms - 12[39m
[35m[HTTP][39m [90m[39m
[35m[HTTP][39m [37m-->[39m [37mPOST[39m [37m/wd/hub/session/5c032ded-77ba-4282-a4c1-8f0706ef78a7/elements[39m
[35m[HTTP][39m [90m{"using":"xpath","value":"//*[(@text = 'Pemasaran' or . = 'Pemasaran')]"}[39m
[35m[HTTP][39m [37m<-- POST /wd/hub/session/5c032ded-77ba-4282-a4c1-8f0706ef78a7/elements [39m[32m200[39m [90m103 ms - 12[39m
[35m[HTTP][39m [90m[39m
[35m[HTTP][39m [37m-->[39m [37mPOST[39m [37m/wd/hub/session/5c032ded-77ba-4282-a4c1-8f0706ef78a7/elements[39m
[35m[HTTP][39m [90m{"using":"xpath","value":"//*[(@text = 'Pemasaran' or . = 'Pemasaran')]"}[39m
[35m[HTTP][39m [37m<-- POST /wd/hub/session/5c032ded-77ba-4282-a4c1-8f0706ef78a7/elements [39m[32m200[39m [90m91 ms - 12[39m
[35m[HTTP][39m [90m[39m
[35m[HTTP][39m [37m-->[39m [37mPOST[39m [37m/wd/hub/session/5c032ded-77ba-4282-a4c1-8f0706ef78a7/elements[39m
[35m[HTTP][39m [90m{"using":"xpath","value":"//*[(@text = 'Pemasaran' or . = 'Pemasaran')]"}[39m
[35m[HTTP][39m [37m<-- POST /wd/hub/session/5c032ded-77ba-4282-a4c1-8f0706ef78a7/elements [39m[32m200[39m [90m93 ms - 12[39m
[35m[HTTP][39m [90m[39m
[35m[HTTP][39m [37m-->[39m [37mPOST[39m [37m/wd/hub/session/5c032ded-77ba-4282-a4c1-8f0706ef78a7/elements[39m
[35m[HTTP][39m [90m{"using":"xpath","value":"//*[(@text = 'Pemasaran' or . = 'Pemasaran')]"}[39m
[35m[HTTP][39m [37m<-- POST /wd/hub/session/5c032ded-77ba-4282-a4c1-8f0706ef78a7/elements [39m[32m200[39m [90m97 ms - 12[39m
[35m[HTTP][39m [90m[39m
[35m[HTTP][39m [37m-->[39m [37mPOST[39m [37m/wd/hub/session/5c032ded-77ba-4282-a4c1-8f0706ef78a7/elements[39m
[35m[HTTP][39m [90m{"using":"xpath","value":"//*[(@text = 'Pemasaran' or . = 'Pemasaran')]"}[39m
[35m[HTTP][39m [37m<-- POST /wd/hub/session/5c032ded-77ba-4282-a4c1-8f0706ef78a7/elements [39m[32m200[39m [90m91 ms - 12[39m
[35m[HTTP][39m [90m[39m
[35m[HTTP][39m [37m-->[39m [37mPOST[39m [37m/wd/hub/session/5c032ded-77ba-4282-a4c1-8f0706ef78a7/elements[39m
[35m[HTTP][39m [90m{"using":"xpath","value":"//*[(@text = 'Pemasaran' or . = 'Pemasaran')]"}[39m
[35m[HTTP][39m [37m<-- POST /wd/hub/session/5c032ded-77ba-4282-a4c1-8f0706ef78a7/elements [39m[32m200[39m [90m89 ms - 12[39m
[35m[HTTP][39m [90m[39m
[35m[HTTP][39m [37m-->[39m [37mPOST[39m [37m/wd/hub/session/5c032ded-77ba-4282-a4c1-8f0706ef78a7/elements[39m
[35m[HTTP][39m [90m{"using":"xpath","value":"//*[(@text = 'Pemasaran' or . = 'Pemasaran')]"}[39m
[35m[HTTP][39m [37m<-- POST /wd/hub/session/5c032ded-77ba-4282-a4c1-8f0706ef78a7/elements [39m[32m200[39m [90m88 ms - 12[39m
[35m[HTTP][39m [90m[39m
[35m[HTTP][39m [37m-->[39m [37mPOST[39m [37m/wd/hub/session/5c032ded-77ba-4282-a4c1-8f0706ef78a7/elements[39m
[35m[HTTP][39m [90m{"using":"xpath","value":"//*[(@text = 'Pemasaran' or . = 'Pemasaran')]"}[39m
[35m[HTTP][39m [37m<-- POST /wd/hub/session/5c032ded-77ba-4282-a4c1-8f0706ef78a7/elements [39m[32m200[39m [90m101 ms - 12[39m
[35m[HTTP][39m [90m[39m
[35m[HTTP][39m [37m-->[39m [37mPOST[39m [37m/wd/hub/session/5c032ded-77ba-4282-a4c1-8f0706ef78a7/elements[39m
[35m[HTTP][39m [90m{"using":"xpath","value":"//*[(@text = 'Pemasaran' or . = 'Pemasaran')]"}[39m
[35m[HTTP][39m [37m<-- POST /wd/hub/session/5c032ded-77ba-4282-a4c1-8f0706ef78a7/elements [39m[32m200[39m [90m94 ms - 12[39m
[35m[HTTP][39m [90m[39m
[35m[HTTP][39m [37m-->[39m [37mPOST[39m [37m/wd/hub/session/5c032ded-77ba-4282-a4c1-8f0706ef78a7/elements[39m
[35m[HTTP][39m [90m{"using":"xpath","value":"//*[(@text = 'Pemasaran' or . = 'Pemasaran')]"}[39m
[35m[HTTP][39m [37m<-- POST /wd/hub/session/5c032ded-77ba-4282-a4c1-8f0706ef78a7/elements [39m[32m200[39m [90m91 ms - 12[39m
[35m[HTTP][39m [90m[39m
[35m[HTTP][39m [37m-->[39m [37mPOST[39m [37m/wd/hub/session/5c032ded-77ba-4282-a4c1-8f0706ef78a7/elements[39m
[35m[HTTP][39m [90m{"using":"xpath","value":"//*[(@text = 'Pemasaran' or . = 'Pemasaran')]"}[39m
[35m[HTTP][39m [37m<-- POST /wd/hub/session/5c032ded-77ba-4282-a4c1-8f0706ef78a7/elements [39m[32m200[39m [90m97 ms - 12[39m
[35m[HTTP][39m [90m[39m
[35m[HTTP][39m [37m-->[39m [37mPOST[39m [37m/wd/hub/session/5c032ded-77ba-4282-a4c1-8f0706ef78a7/elements[39m
[35m[HTTP][39m [90m{"using":"xpath","value":"//*[(@text = 'Pemasaran' or . = 'Pemasaran')]"}[39m
[35m[HTTP][39m [37m<-- POST /wd/hub/session/5c032ded-77ba-4282-a4c1-8f0706ef78a7/elements [39m[32m200[39m [90m89 ms - 12[39m
[35m[HTTP][39m [90m[39m
[35m[HTTP][39m [37m-->[39m [37mPOST[39m [37m/wd/hub/session/5c032ded-77ba-4282-a4c1-8f0706ef78a7/elements[39m
[35m[HTTP][39m [90m{"using":"xpath","value":"//*[(@text = 'Pemasaran' or . = 'Pemasaran')]"}[39m
[35m[HTTP][39m [37m<-- POST /wd/hub/session/5c032ded-77ba-4282-a4c1-8f0706ef78a7/elements [39m[32m200[39m [90m86 ms - 12[39m
[35m[HTTP][39m [90m[39m
[35m[HTTP][39m [37m-->[39m [37mPOST[39m [37m/wd/hub/session/5c032ded-77ba-4282-a4c1-8f0706ef78a7/elements[39m
[35m[HTTP][39m [90m{"using":"xpath","value":"//*[(@text = 'Pemasaran' or . = 'Pemasaran')]"}[39m
[35m[HTTP][39m [37m<-- POST /wd/hub/session/5c032ded-77ba-4282-a4c1-8f0706ef78a7/elements [39m[32m200[39m [90m89 ms - 12[39m
[35m[HTTP][39m [90m[39m
[35m[HTTP][39m [37m-->[39m [37mPOST[39m [37m/wd/hub/session/5c032ded-77ba-4282-a4c1-8f0706ef78a7/elements[39m
[35m[HTTP][39m [90m{"using":"xpath","value":"//*[(@text = 'Pemasaran' or . = 'Pemasaran')]"}[39m
[35m[HTTP][39m [37m<-- POST /wd/hub/session/5c032ded-77ba-4282-a4c1-8f0706ef78a7/elements [39m[32m200[39m [90m97 ms - 12[39m
[35m[HTTP][39m [90m[39m
[35m[HTTP][39m [37m-->[39m [37mPOST[39m [37m/wd/hub/session/5c032ded-77ba-4282-a4c1-8f0706ef78a7/elements[39m
[35m[HTTP][39m [90m{"using":"xpath","value":"//*[(@text = 'Pemasaran' or . = 'Pemasaran')]"}[39m
[35m[HTTP][39m [37m<-- POST /wd/hub/session/5c032ded-77ba-4282-a4c1-8f0706ef78a7/elements [39m[32m200[39m [90m88 ms - 12[39m
[35m[HTTP][39m [90m[39m
[35m[HTTP][39m [37m-->[39m [37mPOST[39m [37m/wd/hub/session/5c032ded-77ba-4282-a4c1-8f0706ef78a7/elements[39m
[35m[HTTP][39m [90m{"using":"xpath","value":"//*[(@text = 'Pemasaran' or . = 'Pemasaran')]"}[39m
[35m[HTTP][39m [37m<-- POST /wd/hub/session/5c032ded-77ba-4282-a4c1-8f0706ef78a7/elements [39m[32m200[39m [90m86 ms - 12[39m
[35m[HTTP][39m [90m[39m
[35m[HTTP][39m [37m-->[39m [37mPOST[39m [37m/wd/hub/session/5c032ded-77ba-4282-a4c1-8f0706ef78a7/elements[39m
[35m[HTTP][39m [90m{"using":"xpath","value":"//*[(@text = 'Pemasaran' or . = 'Pemasaran')]"}[39m
[35m[HTTP][39m [37m<-- POST /wd/hub/session/5c032ded-77ba-4282-a4c1-8f0706ef78a7/elements [39m[32m200[39m [90m93 ms - 12[39m
[35m[HTTP][39m [90m[39m
[35m[HTTP][39m [37m-->[39m [37mPOST[39m [37m/wd/hub/session/5c032ded-77ba-4282-a4c1-8f0706ef78a7/elements[39m
[35m[HTTP][39m [90m{"using":"xpath","value":"//*[(@text = 'Pemasaran' or . = 'Pemasaran')]"}[39m
[35m[HTTP][39m [37m<-- POST /wd/hub/session/5c032ded-77ba-4282-a4c1-8f0706ef78a7/elements [39m[32m200[39m [90m89 ms - 12[39m
[35m[HTTP][39m [90m[39m
[35m[HTTP][39m [37m-->[39m [37mPOST[39m [37m/wd/hub/session/5c032ded-77ba-4282-a4c1-8f0706ef78a7/elements[39m
[35m[HTTP][39m [90m{"using":"xpath","value":"//*[(@text = 'Pemasaran' or . = 'Pemasaran')]"}[39m
[35m[HTTP][39m [37m<-- POST /wd/hub/session/5c032ded-77ba-4282-a4c1-8f0706ef78a7/elements [39m[32m200[39m [90m86 ms - 12[39m
[35m[HTTP][39m [90m[39m
[35m[HTTP][39m [37m-->[39m [37mPOST[39m [37m/wd/hub/session/5c032ded-77ba-4282-a4c1-8f0706ef78a7/elements[39m
[35m[HTTP][39m [90m{"using":"xpath","value":"//*[(@text = 'Pemasaran' or . = 'Pemasaran')]"}[39m
[35m[HTTP][39m [37m<-- POST /wd/hub/session/5c032ded-77ba-4282-a4c1-8f0706ef78a7/elements [39m[32m200[39m [90m86 ms - 12[39m
[35m[HTTP][39m [90m[39m
[35m[HTTP][39m [37m-->[39m [37mPOST[39m [37m/wd/hub/session/5c032ded-77ba-4282-a4c1-8f0706ef78a7/elements[39m
[35m[HTTP][39m [90m{"using":"xpath","value":"//*[(@text = 'Pemasaran' or . = 'Pemasaran')]"}[39m
[35m[HTTP][39m [37m<-- POST /wd/hub/session/5c032ded-77ba-4282-a4c1-8f0706ef78a7/elements [39m[32m200[39m [90m96 ms - 12[39m
[35m[HTTP][39m [90m[39m
[35m[HTTP][39m [37m-->[39m [37mPOST[39m [37m/wd/hub/session/5c032ded-77ba-4282-a4c1-8f0706ef78a7/elements[39m
[35m[HTTP][39m [90m{"using":"xpath","value":"//*[(@text = 'Pemasaran' or . = 'Pemasaran')]"}[39m
[35m[HTTP][39m [37m<-- POST /wd/hub/session/5c032ded-77ba-4282-a4c1-8f0706ef78a7/elements [39m[32m200[39m [90m83 ms - 12[39m
[35m[HTTP][39m [90m[39m
[35m[HTTP][39m [37m-->[39m [37mPOST[39m [37m/wd/hub/session/5c032ded-77ba-4282-a4c1-8f0706ef78a7/elements[39m
[35m[HTTP][39m [90m{"using":"xpath","value":"//*[(@text = 'Pemasaran' or . = 'Pemasaran')]"}[39m
[35m[HTTP][39m [37m<-- POST /wd/hub/session/5c032ded-77ba-4282-a4c1-8f0706ef78a7/elements [39m[32m200[39m [90m88 ms - 12[39m
[35m[HTTP][39m [90m[39m
[35m[HTTP][39m [37m-->[39m [37mPOST[39m [37m/wd/hub/session/5c032ded-77ba-4282-a4c1-8f0706ef78a7/elements[39m
[35m[HTTP][39m [90m{"using":"xpath","value":"//*[(@text = 'Pemasaran' or . = 'Pemasaran')]"}[39m
[35m[HTTP][39m [37m<-- POST /wd/hub/session/5c032ded-77ba-4282-a4c1-8f0706ef78a7/elements [39m[32m200[39m [90m91 ms - 12[39m
[35m[HTTP][39m [90m[39m
[35m[HTTP][39m [37m-->[39m [37mPOST[39m [37m/wd/hub/session/5c032ded-77ba-4282-a4c1-8f0706ef78a7/elements[39m
[35m[HTTP][39m [90m{"using":"xpath","value":"//*[(@text = 'Pemasaran' or . = 'Pemasaran')]"}[39m
[35m[HTTP][39m [37m<-- POST /wd/hub/session/5c032ded-77ba-4282-a4c1-8f0706ef78a7/elements [39m[32m200[39m [90m84 ms - 12[39m
[35m[HTTP][39m [90m[39m
[35m[HTTP][39m [37m-->[39m [37mPOST[39m [37m/wd/hub/session/5c032ded-77ba-4282-a4c1-8f0706ef78a7/elements[39m
[35m[HTTP][39m [90m{"using":"xpath","value":"//*[(@text = 'Pemasaran' or . = 'Pemasaran')]"}[39m
[35m[HTTP][39m [37m<-- POST /wd/hub/session/5c032ded-77ba-4282-a4c1-8f0706ef78a7/elements [39m[32m200[39m [90m82 ms - 12[39m
[35m[HTTP][39m [90m[39m
[35m[HTTP][39m [37m-->[39m [37mPOST[39m [37m/wd/hub/session/5c032ded-77ba-4282-a4c1-8f0706ef78a7/elements[39m
[35m[HTTP][39m [90m{"using":"xpath","value":"//*[(@text = 'Pemasaran' or . = 'Pemasaran')]"}[39m
[35m[HTTP][39m [37m<-- POST /wd/hub/session/5c032ded-77ba-4282-a4c1-8f0706ef78a7/elements [39m[32m200[39m [90m101 ms - 12[39m
[35m[HTTP][39m [90m[39m
[35m[HTTP][39m [37m-->[39m [37mPOST[39m [37m/wd/hub/session/5c032ded-77ba-4282-a4c1-8f0706ef78a7/elements[39m
[35m[HTTP][39m [90m{"using":"xpath","value":"//*[(@text = 'Pemasaran' or . = 'Pemasaran')]"}[39m
[35m[HTTP][39m [37m<-- POST /wd/hub/session/5c032ded-77ba-4282-a4c1-8f0706ef78a7/elements [39m[32m200[39m [90m94 ms - 12[39m
[35m[HTTP][39m [90m[39m
[35m[HTTP][39m [37m-->[39m [37mPOST[39m [37m/wd/hub/session/5c032ded-77ba-4282-a4c1-8f0706ef78a7/elements[39m
[35m[HTTP][39m [90m{"using":"xpath","value":"//*[(@text = 'Pemasaran' or . = 'Pemasaran')]"}[39m
[35m[HTTP][39m [37m<-- POST /wd/hub/session/5c032ded-77ba-4282-a4c1-8f0706ef78a7/elements [39m[32m200[39m [90m81 ms - 12[39m
[35m[HTTP][39m [90m[39m
[35m[HTTP][39m [37m-->[39m [37mPOST[39m [37m/wd/hub/session/5c032ded-77ba-4282-a4c1-8f0706ef78a7/elements[39m
[35m[HTTP][39m [90m{"using":"xpath","value":"//*[(@text = 'Pemasaran' or . = 'Pemasaran')]"}[39m
[35m[HTTP][39m [37m<-- POST /wd/hub/session/5c032ded-77ba-4282-a4c1-8f0706ef78a7/elements [39m[32m200[39m [90m80 ms - 12[39m
[35m[HTTP][39m [90m[39m
[35m[HTTP][39m [37m-->[39m [37mPOST[39m [37m/wd/hub/session/5c032ded-77ba-4282-a4c1-8f0706ef78a7/elements[39m
[35m[HTTP][39m [90m{"using":"xpath","value":"//*[(@text = 'Pemasaran' or . = 'Pemasaran')]"}[39m
[35m[HTTP][39m [37m<-- POST /wd/hub/session/5c032ded-77ba-4282-a4c1-8f0706ef78a7/elements [39m[32m200[39m [90m91 ms - 12[39m
[35m[HTTP][39m [90m[39m
[35m[HTTP][39m [37m-->[39m [37mPOST[39m [37m/wd/hub/session/5c032ded-77ba-4282-a4c1-8f0706ef78a7/elements[39m
[35m[HTTP][39m [90m{"using":"xpath","value":"//*[(@text = 'Pemasaran' or . = 'Pemasaran')]"}[39m
[35m[HTTP][39m [37m<-- POST /wd/hub/session/5c032ded-77ba-4282-a4c1-8f0706ef78a7/elements [39m[32m200[39m [90m86 ms - 12[39m
[35m[HTTP][39m [90m[39m
[35m[HTTP][39m [37m-->[39m [37mPOST[39m [37m/wd/hub/session/5c032ded-77ba-4282-a4c1-8f0706ef78a7/elements[39m
[35m[HTTP][39m [90m{"using":"xpath","value":"//*[(@text = 'Pemasaran' or . = 'Pemasaran')]"}[39m
[35m[HTTP][39m [37m<-- POST /wd/hub/session/5c032ded-77ba-4282-a4c1-8f0706ef78a7/elements [39m[32m200[39m [90m84 ms - 12[39m
[35m[HTTP][39m [90m[39m
[35m[HTTP][39m [37m-->[39m [37mPOST[39m [37m/wd/hub/session/5c032ded-77ba-4282-a4c1-8f0706ef78a7/elements[39m
[35m[HTTP][39m [90m{"using":"xpath","value":"//*[(@text = 'Pemasaran' or . = 'Pemasaran')]"}[39m
[35m[HTTP][39m [37m<-- POST /wd/hub/session/5c032ded-77ba-4282-a4c1-8f0706ef78a7/elements [39m[32m200[39m [90m79 ms - 12[39m
[35m[HTTP][39m [90m[39m
[35m[HTTP][39m [37m-->[39m [37mPOST[39m [37m/wd/hub/session/5c032ded-77ba-4282-a4c1-8f0706ef78a7/elements[39m
[35m[HTTP][39m [90m{"using":"xpath","value":"//*[(@text = 'Pemasaran' or . = 'Pemasaran')]"}[39m
[35m[HTTP][39m [37m<-- POST /wd/hub/session/5c032ded-77ba-4282-a4c1-8f0706ef78a7/elements [39m[32m200[39m [90m96 ms - 12[39m
[35m[HTTP][39m [90m[39m
[35m[HTTP][39m [37m-->[39m [37mPOST[39m [37m/wd/hub/session/5c032ded-77ba-4282-a4c1-8f0706ef78a7/elements[39m
[35m[HTTP][39m [90m{"using":"xpath","value":"//*[(@text = 'Pemasaran' or . = 'Pemasaran')]"}[39m
[35m[HTTP][39m [37m<-- POST /wd/hub/session/5c032ded-77ba-4282-a4c1-8f0706ef78a7/elements [39m[32m200[39m [90m80 ms - 12[39m
[35m[HTTP][39m [90m[39m
[35m[HTTP][39m [37m-->[39m [37mPOST[39m [37m/wd/hub/session/5c032ded-77ba-4282-a4c1-8f0706ef78a7/elements[39m
[35m[HTTP][39m [90m{"using":"xpath","value":"//*[(@text = 'Pemasaran' or . = 'Pemasaran')]"}[39m
[35m[HTTP][39m [37m<-- POST /wd/hub/session/5c032ded-77ba-4282-a4c1-8f0706ef78a7/elements [39m[32m200[39m [90m115 ms - 12[39m
[35m[HTTP][39m [90m[39m
[35m[HTTP][39m [37m-->[39m [37mPOST[39m [37m/wd/hub/session/5c032ded-77ba-4282-a4c1-8f0706ef78a7/elements[39m
[35m[HTTP][39m [90m{"using":"xpath","value":"//*[(@text = 'Pemasaran' or . = 'Pemasaran')]"}[39m
[35m[HTTP][39m [37m<-- POST /wd/hub/session/5c032ded-77ba-4282-a4c1-8f0706ef78a7/elements [39m[32m200[39m [90m139 ms - 12[39m
[35m[HTTP][39m [90m[39m
[35m[HTTP][39m [37m-->[39m [37mPOST[39m [37m/wd/hub/session/5c032ded-77ba-4282-a4c1-8f0706ef78a7/elements[39m
[35m[HTTP][39m [90m{"using":"xpath","value":"//*[(@text = 'Pemasaran' or . = 'Pemasaran')]"}[39m
[35m[HTTP][39m [37m<-- POST /wd/hub/session/5c032ded-77ba-4282-a4c1-8f0706ef78a7/elements [39m[32m200[39m [90m87 ms - 12[39m
[35m[HTTP][39m [90m[39m
[35m[HTTP][39m [37m-->[39m [37mPOST[39m [37m/wd/hub/session/5c032ded-77ba-4282-a4c1-8f0706ef78a7/elements[39m
[35m[HTTP][39m [90m{"using":"xpath","value":"//*[(@text = 'Pemasaran' or . = 'Pemasaran')]"}[39m
[35m[HTTP][39m [37m<-- POST /wd/hub/session/5c032ded-77ba-4282-a4c1-8f0706ef78a7/elements [39m[32m200[39m [90m82 ms - 12[39m
[35m[HTTP][39m [90m[39m
[35m[HTTP][39m [37m-->[39m [37mPOST[39m [37m/wd/hub/session/5c032ded-77ba-4282-a4c1-8f0706ef78a7/elements[39m
[35m[HTTP][39m [90m{"using":"xpath","value":"//*[(@text = 'Pemasaran' or . = 'Pemasaran')]"}[39m
[35m[HTTP][39m [37m<-- POST /wd/hub/session/5c032ded-77ba-4282-a4c1-8f0706ef78a7/elements [39m[32m200[39m [90m83 ms - 12[39m
[35m[HTTP][39m [90m[39m
[35m[HTTP][39m [37m-->[39m [37mPOST[39m [37m/wd/hub/session/5c032ded-77ba-4282-a4c1-8f0706ef78a7/elements[39m
[35m[HTTP][39m [90m{"using":"xpath","value":"//*[(@text = 'Pemasaran' or . = 'Pemasaran')]"}[39m
[35m[HTTP][39m [37m<-- POST /wd/hub/session/5c032ded-77ba-4282-a4c1-8f0706ef78a7/elements [39m[32m200[39m [90m88 ms - 12[39m
[35m[HTTP][39m [90m[39m
[35m[HTTP][39m [37m-->[39m [37mPOST[39m [37m/wd/hub/session/5c032ded-77ba-4282-a4c1-8f0706ef78a7/elements[39m
[35m[HTTP][39m [90m{"using":"xpath","value":"//*[(@text = 'Pemasaran' or . = 'Pemasaran')]"}[39m
[35m[HTTP][39m [37m<-- POST /wd/hub/session/5c032ded-77ba-4282-a4c1-8f0706ef78a7/elements [39m[32m200[39m [90m78 ms - 12[39m
[35m[HTTP][39m [90m[39m
[35m[HTTP][39m [37m-->[39m [37mPOST[39m [37m/wd/hub/session/5c032ded-77ba-4282-a4c1-8f0706ef78a7/elements[39m
[35m[HTTP][39m [90m{"using":"xpath","value":"//*[(@text = 'Pemasaran' or . = 'Pemasaran')]"}[39m
[35m[HTTP][39m [37m<-- POST /wd/hub/session/5c032ded-77ba-4282-a4c1-8f0706ef78a7/elements [39m[32m200[39m [90m78 ms - 12[39m
[35m[HTTP][39m [90m[39m
[35m[HTTP][39m [37m-->[39m [37mPOST[39m [37m/wd/hub/session/5c032ded-77ba-4282-a4c1-8f0706ef78a7/elements[39m
[35m[HTTP][39m [90m{"using":"xpath","value":"//*[(@text = 'Pemasaran' or . = 'Pemasaran')]"}[39m
[35m[HTTP][39m [37m<-- POST /wd/hub/session/5c032ded-77ba-4282-a4c1-8f0706ef78a7/elements [39m[32m200[39m [90m89 ms - 12[39m
[35m[HTTP][39m [90m[39m
[35m[HTTP][39m [37m-->[39m [37mPOST[39m [37m/wd/hub/session/5c032ded-77ba-4282-a4c1-8f0706ef78a7/elements[39m
[35m[HTTP][39m [90m{"using":"xpath","value":"//*[(@text = 'Pemasaran' or . = 'Pemasaran')]"}[39m
[35m[HTTP][39m [37m<-- POST /wd/hub/session/5c032ded-77ba-4282-a4c1-8f0706ef78a7/elements [39m[32m200[39m [90m79 ms - 12[39m
[35m[HTTP][39m [90m[39m
[35m[HTTP][39m [37m-->[39m [37mPOST[39m [37m/wd/hub/session/5c032ded-77ba-4282-a4c1-8f0706ef78a7/elements[39m
[35m[HTTP][39m [90m{"using":"xpath","value":"//*[(@text = 'Pemasaran' or . = 'Pemasaran')]"}[39m
[35m[HTTP][39m [37m<-- POST /wd/hub/session/5c032ded-77ba-4282-a4c1-8f0706ef78a7/elements [39m[32m200[39m [90m81 ms - 12[39m
[35m[HTTP][39m [90m[39m
[35m[HTTP][39m [37m-->[39m [37mPOST[39m [37m/wd/hub/session/5c032ded-77ba-4282-a4c1-8f0706ef78a7/elements[39m
[35m[HTTP][39m [90m{"using":"xpath","value":"//*[(@text = 'Pemasaran' or . = 'Pemasaran')]"}[39m
[35m[HTTP][39m [37m<-- POST /wd/hub/session/5c032ded-77ba-4282-a4c1-8f0706ef78a7/elements [39m[32m200[39m [90m76 ms - 12[39m
[35m[HTTP][39m [90m[39m
[35m[HTTP][39m [37m-->[39m [37mPOST[39m [37m/wd/hub/session/5c032ded-77ba-4282-a4c1-8f0706ef78a7/elements[39m
[35m[HTTP][39m [90m{"using":"xpath","value":"//*[(@text = 'Pemasaran' or . = 'Pemasaran')]"}[39m
[35m[HTTP][39m [37m<-- POST /wd/hub/session/5c032ded-77ba-4282-a4c1-8f0706ef78a7/elements [39m[32m200[39m [90m91 ms - 12[39m
[35m[HTTP][39m [90m[39m
[35m[HTTP][39m [37m-->[39m [37mPOST[39m [37m/wd/hub/session/5c032ded-77ba-4282-a4c1-8f0706ef78a7/elements[39m
[35m[HTTP][39m [90m{"using":"xpath","value":"//*[(@text = 'Pemasaran' or . = 'Pemasaran')]"}[39m
[35m[HTTP][39m [37m<-- POST /wd/hub/session/5c032ded-77ba-4282-a4c1-8f0706ef78a7/elements [39m[32m200[39m [90m77 ms - 12[39m
[35m[HTTP][39m [90m[39m
[35m[HTTP][39m [37m-->[39m [37mPOST[39m [37m/wd/hub/session/5c032ded-77ba-4282-a4c1-8f0706ef78a7/elements[39m
[35m[HTTP][39m [90m{"using":"xpath","value":"//*[(@text = 'Pemasaran' or . = 'Pemasaran')]"}[39m
[35m[HTTP][39m [37m<-- POST /wd/hub/session/5c032ded-77ba-4282-a4c1-8f0706ef78a7/elements [39m[32m200[39m [90m78 ms - 12[39m
[35m[HTTP][39m [90m[39m
[35m[HTTP][39m [37m-->[39m [37mPOST[39m [37m/wd/hub/session/5c032ded-77ba-4282-a4c1-8f0706ef78a7/elements[39m
[35m[HTTP][39m [90m{"using":"xpath","value":"//*[(@text = 'Pemasaran' or . = 'Pemasaran')]"}[39m
[35m[HTTP][39m [37m<-- POST /wd/hub/session/5c032ded-77ba-4282-a4c1-8f0706ef78a7/elements [39m[32m200[39m [90m90 ms - 12[39m
[35m[HTTP][39m [90m[39m
[35m[HTTP][39m [37m-->[39m [37mPOST[39m [37m/wd/hub/session/5c032ded-77ba-4282-a4c1-8f0706ef78a7/elements[39m
[35m[HTTP][39m [90m{"using":"xpath","value":"//*[(@text = 'Pemasaran' or . = 'Pemasaran')]"}[39m
[35m[HTTP][39m [37m<-- POST /wd/hub/session/5c032ded-77ba-4282-a4c1-8f0706ef78a7/elements [39m[32m200[39m [90m83 ms - 12[39m
[35m[HTTP][39m [90m[39m
[35m[HTTP][39m [37m-->[39m [37mPOST[39m [37m/wd/hub/session/5c032ded-77ba-4282-a4c1-8f0706ef78a7/elements[39m
[35m[HTTP][39m [90m{"using":"xpath","value":"//*[(@text = 'Pemasaran' or . = 'Pemasaran')]"}[39m
[35m[HTTP][39m [37m<-- POST /wd/hub/session/5c032ded-77ba-4282-a4c1-8f0706ef78a7/elements [39m[32m200[39m [90m76 ms - 12[39m
[35m[HTTP][39m [90m[39m
[35m[HTTP][39m [37m-->[39m [37mPOST[39m [37m/wd/hub/session/5c032ded-77ba-4282-a4c1-8f0706ef78a7/elements[39m
[35m[HTTP][39m [90m{"using":"xpath","value":"//*[(@text = 'Pemasaran' or . = 'Pemasaran')]"}[39m
[35m[HTTP][39m [37m<-- POST /wd/hub/session/5c032ded-77ba-4282-a4c1-8f0706ef78a7/elements [39m[32m200[39m [90m79 ms - 12[39m
[35m[HTTP][39m [90m[39m
[35m[HTTP][39m [37m-->[39m [37mPOST[39m [37m/wd/hub/session/5c032ded-77ba-4282-a4c1-8f0706ef78a7/elements[39m
[35m[HTTP][39m [90m{"using":"xpath","value":"//*[(@text = 'Pemasaran' or . = 'Pemasaran')]"}[39m
[35m[HTTP][39m [37m<-- POST /wd/hub/session/5c032ded-77ba-4282-a4c1-8f0706ef78a7/elements [39m[32m200[39m [90m87 ms - 12[39m
[35m[HTTP][39m [90m[39m
[35m[HTTP][39m [37m-->[39m [37mPOST[39m [37m/wd/hub/session/5c032ded-77ba-4282-a4c1-8f0706ef78a7/elements[39m
[35m[HTTP][39m [90m{"using":"xpath","value":"//*[(@text = 'Pemasaran' or . = 'Pemasaran')]"}[39m
[35m[HTTP][39m [37m<-- POST /wd/hub/session/5c032ded-77ba-4282-a4c1-8f0706ef78a7/elements [39m[32m200[39m [90m82 ms - 12[39m
[35m[HTTP][39m [90m[39m
[35m[HTTP][39m [37m-->[39m [37mPOST[39m [37m/wd/hub/session/5c032ded-77ba-4282-a4c1-8f0706ef78a7/elements[39m
[35m[HTTP][39m [90m{"using":"xpath","value":"//*[(@text = 'Pemasaran' or . = 'Pemasaran')]"}[39m
[35m[HTTP][39m [37m<-- POST /wd/hub/session/5c032ded-77ba-4282-a4c1-8f0706ef78a7/elements [39m[32m200[39m [90m78 ms - 12[39m
[35m[HTTP][39m [90m[39m
[35m[HTTP][39m [37m-->[39m [37mPOST[39m [37m/wd/hub/session/5c032ded-77ba-4282-a4c1-8f0706ef78a7/elements[39m
[35m[HTTP][39m [90m{"using":"xpath","value":"//*[(@text = 'Pemasaran' or . = 'Pemasaran')]"}[39m
[35m[HTTP][39m [37m<-- POST /wd/hub/session/5c032ded-77ba-4282-a4c1-8f0706ef78a7/elements [39m[32m200[39m [90m80 ms - 12[39m
[35m[HTTP][39m [90m[39m
[35m[HTTP][39m [37m-->[39m [37mPOST[39m [37m/wd/hub/session/5c032ded-77ba-4282-a4c1-8f0706ef78a7/elements[39m
[35m[HTTP][39m [90m{"using":"xpath","value":"//*[(@text = 'Pemasaran' or . = 'Pemasaran')]"}[39m
[35m[HTTP][39m [37m<-- POST /wd/hub/session/5c032ded-77ba-4282-a4c1-8f0706ef78a7/elements [39m[32m200[39m [90m83 ms - 12[39m
[35m[HTTP][39m [90m[39m
[35m[HTTP][39m [37m-->[39m [37mPOST[39m [37m/wd/hub/session/5c032ded-77ba-4282-a4c1-8f0706ef78a7/elements[39m
[35m[HTTP][39m [90m{"using":"xpath","value":"//*[(@text = 'Pemasaran' or . = 'Pemasaran')]"}[39m
[35m[HTTP][39m [37m<-- POST /wd/hub/session/5c032ded-77ba-4282-a4c1-8f0706ef78a7/elements [39m[32m200[39m [90m80 ms - 12[39m
[35m[HTTP][39m [90m[39m
[35m[HTTP][39m [37m-->[39m [37mPOST[39m [37m/wd/hub/session/5c032ded-77ba-4282-a4c1-8f0706ef78a7/elements[39m
[35m[HTTP][39m [90m{"using":"xpath","value":"//*[(@text = 'Pemasaran' or . = 'Pemasaran')]"}[39m
[35m[HTTP][39m [37m<-- POST /wd/hub/session/5c032ded-77ba-4282-a4c1-8f0706ef78a7/elements [39m[32m200[39m [90m75 ms - 12[39m
[35m[HTTP][39m [90m[39m
[35m[HTTP][39m [37m-->[39m [37mPOST[39m [37m/wd/hub/session/5c032ded-77ba-4282-a4c1-8f0706ef78a7/elements[39m
[35m[HTTP][39m [90m{"using":"xpath","value":"//*[(@text = 'Pemasaran' or . = 'Pemasaran')]"}[39m
[35m[HTTP][39m [37m<-- POST /wd/hub/session/5c032ded-77ba-4282-a4c1-8f0706ef78a7/elements [39m[32m200[39m [90m77 ms - 12[39m
[35m[HTTP][39m [90m[39m
[35m[HTTP][39m [37m-->[39m [37mPOST[39m [37m/wd/hub/session/5c032ded-77ba-4282-a4c1-8f0706ef78a7/elements[39m
[35m[HTTP][39m [90m{"using":"xpath","value":"//*[(@text = 'Pemasaran' or . = 'Pemasaran')]"}[39m
[35m[HTTP][39m [37m<-- POST /wd/hub/session/5c032ded-77ba-4282-a4c1-8f0706ef78a7/elements [39m[32m200[39m [90m88 ms - 12[39m
[35m[HTTP][39m [90m[39m
[35m[HTTP][39m [37m-->[39m [37mPOST[39m [37m/wd/hub/session/5c032ded-77ba-4282-a4c1-8f0706ef78a7/elements[39m
[35m[HTTP][39m [90m{"using":"xpath","value":"//*[(@text = 'Pemasaran' or . = 'Pemasaran')]"}[39m
[35m[HTTP][39m [37m<-- POST /wd/hub/session/5c032ded-77ba-4282-a4c1-8f0706ef78a7/elements [39m[32m200[39m [90m74 ms - 12[39m
[35m[HTTP][39m [90m[39m
[35m[HTTP][39m [37m-->[39m [37mPOST[39m [37m/wd/hub/session/5c032ded-77ba-4282-a4c1-8f0706ef78a7/elements[39m
[35m[HTTP][39m [90m{"using":"xpath","value":"//*[(@text = 'Pemasaran' or . = 'Pemasaran')]"}[39m
[35m[HTTP][39m [37m<-- POST /wd/hub/session/5c032ded-77ba-4282-a4c1-8f0706ef78a7/elements [39m[32m200[39m [90m77 ms - 12[39m
[35m[HTTP][39m [90m[39m
[35m[HTTP][39m [37m-->[39m [37mPOST[39m [37m/wd/hub/session/5c032ded-77ba-4282-a4c1-8f0706ef78a7/elements[39m
[35m[HTTP][39m [90m{"using":"xpath","value":"//*[(@text = 'Pemasaran' or . = 'Pemasaran')]"}[39m
[35m[HTTP][39m [37m<-- POST /wd/hub/session/5c032ded-77ba-4282-a4c1-8f0706ef78a7/elements [39m[32m200[39m [90m74 ms - 12[39m
[35m[HTTP][39m [90m[39m
[35m[HTTP][39m [37m-->[39m [37mPOST[39m [37m/wd/hub/session/5c032ded-77ba-4282-a4c1-8f0706ef78a7/elements[39m
[35m[HTTP][39m [90m{"using":"xpath","value":"//*[(@text = 'Pemasaran' or . = 'Pemasaran')]"}[39m
[35m[HTTP][39m [37m<-- POST /wd/hub/session/5c032ded-77ba-4282-a4c1-8f0706ef78a7/elements [39m[32m200[39m [90m83 ms - 12[39m
[35m[HTTP][39m [90m[39m
[35m[HTTP][39m [37m-->[39m [37mPOST[39m [37m/wd/hub/session/5c032ded-77ba-4282-a4c1-8f0706ef78a7/elements[39m
[35m[HTTP][39m [90m{"using":"xpath","value":"//*[(@text = 'Pemasaran' or . = 'Pemasaran')]"}[39m
[35m[HTTP][39m [37m<-- POST /wd/hub/session/5c032ded-77ba-4282-a4c1-8f0706ef78a7/elements [39m[32m200[39m [90m76 ms - 12[39m
[35m[HTTP][39m [90m[39m
[35m[HTTP][39m [37m-->[39m [37mPOST[39m [37m/wd/hub/session/5c032ded-77ba-4282-a4c1-8f0706ef78a7/elements[39m
[35m[HTTP][39m [90m{"using":"xpath","value":"//*[(@text = 'Pemasaran' or . = 'Pemasaran')]"}[39m
[35m[HTTP][39m [37m<-- POST /wd/hub/session/5c032ded-77ba-4282-a4c1-8f0706ef78a7/elements [39m[32m200[39m [90m79 ms - 12[39m
[35m[HTTP][39m [90m[39m
[35m[HTTP][39m [37m-->[39m [37mPOST[39m [37m/wd/hub/session/5c032ded-77ba-4282-a4c1-8f0706ef78a7/elements[39m
[35m[HTTP][39m [90m{"using":"xpath","value":"//*[(@text = 'Pemasaran' or . = 'Pemasaran')]"}[39m
[35m[HTTP][39m [37m<-- POST /wd/hub/session/5c032ded-77ba-4282-a4c1-8f0706ef78a7/elements [39m[32m200[39m [90m77 ms - 12[39m
[35m[HTTP][39m [90m[39m
[35m[HTTP][39m [37m-->[39m [37mPOST[39m [37m/wd/hub/session/5c032ded-77ba-4282-a4c1-8f0706ef78a7/elements[39m
[35m[HTTP][39m [90m{"using":"xpath","value":"//*[(@text = 'Pemasaran' or . = 'Pemasaran')]"}[39m
[35m[HTTP][39m [37m<-- POST /wd/hub/session/5c032ded-77ba-4282-a4c1-8f0706ef78a7/elements [39m[32m200[39m [90m84 ms - 12[39m
[35m[HTTP][39m [90m[39m
[35m[HTTP][39m [37m-->[39m [37mPOST[39m [37m/wd/hub/session/5c032ded-77ba-4282-a4c1-8f0706ef78a7/elements[39m
[35m[HTTP][39m [90m{"using":"xpath","value":"//*[(@text = 'Pemasaran' or . = 'Pemasaran')]"}[39m
[35m[HTTP][39m [37m<-- POST /wd/hub/session/5c032ded-77ba-4282-a4c1-8f0706ef78a7/elements [39m[32m200[39m [90m75 ms - 12[39m
[35m[HTTP][39m [90m[39m
[35m[HTTP][39m [37m-->[39m [37mPOST[39m [37m/wd/hub/session/5c032ded-77ba-4282-a4c1-8f0706ef78a7/elements[39m
[35m[HTTP][39m [90m{"using":"xpath","value":"//*[(@text = 'Pemasaran' or . = 'Pemasaran')]"}[39m
[35m[HTTP][39m [37m<-- POST /wd/hub/session/5c032ded-77ba-4282-a4c1-8f0706ef78a7/elements [39m[32m200[39m [90m72 ms - 12[39m
[35m[HTTP][39m [90m[39m
[35m[HTTP][39m [37m-->[39m [37mPOST[39m [37m/wd/hub/session/5c032ded-77ba-4282-a4c1-8f0706ef78a7/elements[39m
[35m[HTTP][39m [90m{"using":"xpath","value":"//*[(@text = 'Pemasaran' or . = 'Pemasaran')]"}[39m
[35m[HTTP][39m [37m<-- POST /wd/hub/session/5c032ded-77ba-4282-a4c1-8f0706ef78a7/elements [39m[32m200[39m [90m89 ms - 12[39m
[35m[HTTP][39m [90m[39m
[35m[HTTP][39m [37m-->[39m [37mPOST[39m [37m/wd/hub/session/5c032ded-77ba-4282-a4c1-8f0706ef78a7/elements[39m
[35m[HTTP][39m [90m{"using":"xpath","value":"//*[(@text = 'Pemasaran' or . = 'Pemasaran')]"}[39m
[35m[HTTP][39m [37m<-- POST /wd/hub/session/5c032ded-77ba-4282-a4c1-8f0706ef78a7/elements [39m[32m200[39m [90m131 ms - 12[39m
[35m[HTTP][39m [90m[39m
[35m[HTTP][39m [37m-->[39m [37mPOST[39m [37m/wd/hub/session/5c032ded-77ba-4282-a4c1-8f0706ef78a7/elements[39m
[35m[HTTP][39m [90m{"using":"xpath","value":"//*[(@text = 'Pemasaran' or . = 'Pemasaran')]"}[39m
[35m[HTTP][39m [37m<-- POST /wd/hub/session/5c032ded-77ba-4282-a4c1-8f0706ef78a7/elements [39m[32m200[39m [90m81 ms - 12[39m
[35m[HTTP][39m [90m[39m
[35m[HTTP][39m [37m-->[39m [37mPOST[39m [37m/wd/hub/session/5c032ded-77ba-4282-a4c1-8f0706ef78a7/elements[39m
[35m[HTTP][39m [90m{"using":"xpath","value":"//*[(@text = 'Pemasaran' or . = 'Pemasaran')]"}[39m
[35m[HTTP][39m [37m<-- POST /wd/hub/session/5c032ded-77ba-4282-a4c1-8f0706ef78a7/elements [39m[32m200[39m [90m75 ms - 12[39m
[35m[HTTP][39m [90m[39m
[35m[HTTP][39m [37m-->[39m [37mPOST[39m [37m/wd/hub/session/5c032ded-77ba-4282-a4c1-8f0706ef78a7/elements[39m
[35m[HTTP][39m [90m{"using":"xpath","value":"//*[(@text = 'Pemasaran' or . = 'Pemasaran')]"}[39m
[35m[HTTP][39m [37m<-- POST /wd/hub/session/5c032ded-77ba-4282-a4c1-8f0706ef78a7/elements [39m[32m200[39m [90m74 ms - 12[39m
[35m[HTTP][39m [90m[39m
[35m[HTTP][39m [37m-->[39m [37mPOST[39m [37m/wd/hub/session/5c032ded-77ba-4282-a4c1-8f0706ef78a7/elements[39m
[35m[HTTP][39m [90m{"using":"xpath","value":"//*[(@text = 'Pemasaran' or . = 'Pemasaran')]"}[39m
[35m[HTTP][39m [37m<-- POST /wd/hub/session/5c032ded-77ba-4282-a4c1-8f0706ef78a7/elements [39m[32m200[39m [90m83 ms - 12[39m
[35m[HTTP][39m [90m[39m
[35m[HTTP][39m [37m-->[39m [37mPOST[39m [37m/wd/hub/session/5c032ded-77ba-4282-a4c1-8f0706ef78a7/elements[39m
[35m[HTTP][39m [90m{"using":"xpath","value":"//*[(@text = 'Pemasaran' or . = 'Pemasaran')]"}[39m
[35m[HTTP][39m [37m<-- POST /wd/hub/session/5c032ded-77ba-4282-a4c1-8f0706ef78a7/elements [39m[32m200[39m [90m75 ms - 12[39m
[35m[HTTP][39m [90m[39m
[35m[HTTP][39m [37m-->[39m [37mPOST[39m [37m/wd/hub/session/5c032ded-77ba-4282-a4c1-8f0706ef78a7/elements[39m
[35m[HTTP][39m [90m{"using":"xpath","value":"//*[(@text = 'Pemasaran' or . = 'Pemasaran')]"}[39m
[35m[HTTP][39m [37m<-- POST /wd/hub/session/5c032ded-77ba-4282-a4c1-8f0706ef78a7/elements [39m[32m200[39m [90m72 ms - 12[39m
[35m[HTTP][39m [90m[39m
[35m[HTTP][39m [37m-->[39m [37mPOST[39m [37m/wd/hub/session/5c032ded-77ba-4282-a4c1-8f0706ef78a7/elements[39m
[35m[HTTP][39m [90m{"using":"xpath","value":"//*[(@text = 'Pemasaran' or . = 'Pemasaran')]"}[39m
[35m[HTTP][39m [37m<-- POST /wd/hub/session/5c032ded-77ba-4282-a4c1-8f0706ef78a7/elements [39m[32m200[39m [90m77 ms - 12[39m
[35m[HTTP][39m [90m[39m
[35m[HTTP][39m [37m-->[39m [37mPOST[39m [37m/wd/hub/session/5c032ded-77ba-4282-a4c1-8f0706ef78a7/elements[39m
[35m[HTTP][39m [90m{"using":"xpath","value":"//*[(@text = 'Pemasaran' or . = 'Pemasaran')]"}[39m
[35m[HTTP][39m [37m<-- POST /wd/hub/session/5c032ded-77ba-4282-a4c1-8f0706ef78a7/elements [39m[32m200[39m [90m79 ms - 12[39m
[35m[HTTP][39m [90m[39m
[35m[HTTP][39m [37m-->[39m [37mPOST[39m [37m/wd/hub/session/5c032ded-77ba-4282-a4c1-8f0706ef78a7/elements[39m
[35m[HTTP][39m [90m{"using":"xpath","value":"//*[(@text = 'Pemasaran' or . = 'Pemasaran')]"}[39m
[35m[HTTP][39m [37m<-- POST /wd/hub/session/5c032ded-77ba-4282-a4c1-8f0706ef78a7/elements [39m[32m200[39m [90m76 ms - 12[39m
[35m[HTTP][39m [90m[39m
[35m[HTTP][39m [37m-->[39m [37mPOST[39m [37m/wd/hub/session/5c032ded-77ba-4282-a4c1-8f0706ef78a7/elements[39m
[35m[HTTP][39m [90m{"using":"xpath","value":"//*[(@text = 'Pemasaran' or . = 'Pemasaran')]"}[39m
[35m[HTTP][39m [37m<-- POST /wd/hub/session/5c032ded-77ba-4282-a4c1-8f0706ef78a7/elements [39m[32m200[39m [90m107 ms - 12[39m
[35m[HTTP][39m [90m[39m
[35m[HTTP][39m [37m-->[39m [37mPOST[39m [37m/wd/hub/session/5c032ded-77ba-4282-a4c1-8f0706ef78a7/elements[39m
[35m[HTTP][39m [90m{"using":"xpath","value":"//*[(@text = 'Pemasaran' or . = 'Pemasaran')]"}[39m
[35m[HTTP][39m [37m<-- POST /wd/hub/session/5c032ded-77ba-4282-a4c1-8f0706ef78a7/elements [39m[32m200[39m [90m78 ms - 12[39m
[35m[HTTP][39m [90m[39m
[35m[HTTP][39m [37m-->[39m [37mPOST[39m [37m/wd/hub/session/5c032ded-77ba-4282-a4c1-8f0706ef78a7/elements[39m
[35m[HTTP][39m [90m{"using":"xpath","value":"//*[(@text = 'Pemasaran' or . = 'Pemasaran')]"}[39m
[35m[HTTP][39m [37m<-- POST /wd/hub/session/5c032ded-77ba-4282-a4c1-8f0706ef78a7/elements [39m[32m200[39m [90m83 ms - 12[39m
[35m[HTTP][39m [90m[39m
[35m[HTTP][39m [37m-->[39m [37mPOST[39m [37m/wd/hub/session/5c032ded-77ba-4282-a4c1-8f0706ef78a7/elements[39m
[35m[HTTP][39m [90m{"using":"xpath","value":"//*[(@text = 'Pemasaran' or . = 'Pemasaran')]"}[39m
[35m[HTTP][39m [37m<-- POST /wd/hub/session/5c032ded-77ba-4282-a4c1-8f0706ef78a7/elements [39m[32m200[39m [90m75 ms - 12[39m
[35m[HTTP][39m [90m[39m
[35m[HTTP][39m [37m-->[39m [37mPOST[39m [37m/wd/hub/session/5c032ded-77ba-4282-a4c1-8f0706ef78a7/elements[39m
[35m[HTTP][39m [90m{"using":"xpath","value":"//*[(@text = 'Pemasaran' or . = 'Pemasaran')]"}[39m
[35m[HTTP][39m [37m<-- POST /wd/hub/session/5c032ded-77ba-4282-a4c1-8f0706ef78a7/elements [39m[32m200[39m [90m73 ms - 12[39m
[35m[HTTP][39m [90m[39m
[35m[HTTP][39m [37m-->[39m [37mPOST[39m [37m/wd/hub/session/5c032ded-77ba-4282-a4c1-8f0706ef78a7/elements[39m
[35m[HTTP][39m [90m{"using":"xpath","value":"//*[(@text = 'Pemasaran' or . = 'Pemasaran')]"}[39m
[35m[HTTP][39m [37m<-- POST /wd/hub/session/5c032ded-77ba-4282-a4c1-8f0706ef78a7/elements [39m[32m200[39m [90m76 ms - 12[39m
[35m[HTTP][39m [90m[39m
[35m[HTTP][39m [37m-->[39m [37mPOST[39m [37m/wd/hub/session/5c032ded-77ba-4282-a4c1-8f0706ef78a7/elements[39m
[35m[HTTP][39m [90m{"using":"xpath","value":"//*[(@text = 'Pemasaran' or . = 'Pemasaran')]"}[39m
[35m[HTTP][39m [37m<-- POST /wd/hub/session/5c032ded-77ba-4282-a4c1-8f0706ef78a7/elements [39m[32m200[39m [90m82 ms - 12[39m
[35m[HTTP][39m [90m[39m
[35m[HTTP][39m [37m-->[39m [37mPOST[39m [37m/wd/hub/session/5c032ded-77ba-4282-a4c1-8f0706ef78a7/elements[39m
[35m[HTTP][39m [90m{"using":"xpath","value":"//*[(@text = 'Pemasaran' or . = 'Pemasaran')]"}[39m
[35m[HTTP][39m [37m<-- POST /wd/hub/session/5c032ded-77ba-4282-a4c1-8f0706ef78a7/elements [39m[32m200[39m [90m73 ms - 12[39m
[35m[HTTP][39m [90m[39m
[35m[HTTP][39m [37m-->[39m [37mPOST[39m [37m/wd/hub/session/5c032ded-77ba-4282-a4c1-8f0706ef78a7/elements[39m
[35m[HTTP][39m [90m{"using":"xpath","value":"//*[(@text = 'Pemasaran' or . = 'Pemasaran')]"}[39m
[35m[HTTP][39m [37m<-- POST /wd/hub/session/5c032ded-77ba-4282-a4c1-8f0706ef78a7/elements [39m[32m200[39m [90m76 ms - 12[39m
[35m[HTTP][39m [90m[39m
[35m[HTTP][39m [37m-->[39m [37mPOST[39m [37m/wd/hub/session/5c032ded-77ba-4282-a4c1-8f0706ef78a7/elements[39m
[35m[HTTP][39m [90m{"using":"xpath","value":"//*[(@text = 'Pemasaran' or . = 'Pemasaran')]"}[39m
[35m[HTTP][39m [37m<-- POST /wd/hub/session/5c032ded-77ba-4282-a4c1-8f0706ef78a7/elements [39m[32m200[39m [90m75 ms - 12[39m
[35m[HTTP][39m [90m[39m
[35m[HTTP][39m [37m-->[39m [37mPOST[39m [37m/wd/hub/session/5c032ded-77ba-4282-a4c1-8f0706ef78a7/elements[39m
[35m[HTTP][39m [90m{"using":"xpath","value":"//*[(@text = 'Pemasaran' or . = 'Pemasaran')]"}[39m
[35m[HTTP][39m [37m<-- POST /wd/hub/session/5c032ded-77ba-4282-a4c1-8f0706ef78a7/elements [39m[32m200[39m [90m92 ms - 12[39m
[35m[HTTP][39m [90m[39m
[35m[HTTP][39m [37m-->[39m [37mPOST[39m [37m/wd/hub/session/5c032ded-77ba-4282-a4c1-8f0706ef78a7/elements[39m
[35m[HTTP][39m [90m{"using":"xpath","value":"//*[(@text = 'Pemasaran' or . = 'Pemasaran')]"}[39m
[35m[HTTP][39m [37m<-- POST /wd/hub/session/5c032ded-77ba-4282-a4c1-8f0706ef78a7/elements [39m[32m200[39m [90m73 ms - 12[39m
[35m[HTTP][39m [90m[39m
[35m[HTTP][39m [37m-->[39m [37mPOST[39m [37m/wd/hub/session/5c032ded-77ba-4282-a4c1-8f0706ef78a7/elements[39m
[35m[HTTP][39m [90m{"using":"xpath","value":"//*[(@text = 'Pemasaran' or . = 'Pemasaran')]"}[39m
[35m[HTTP][39m [37m<-- POST /wd/hub/session/5c032ded-77ba-4282-a4c1-8f0706ef78a7/elements [39m[32m200[39m [90m73 ms - 12[39m
[35m[HTTP][39m [90m[39m
[35m[HTTP][39m [37m-->[39m [37mPOST[39m [37m/wd/hub/session/5c032ded-77ba-4282-a4c1-8f0706ef78a7/elements[39m
[35m[HTTP][39m [90m{"using":"xpath","value":"//*[(@text = 'Pemasaran' or . = 'Pemasaran')]"}[39m
[35m[HTTP][39m [37m<-- POST /wd/hub/session/5c032ded-77ba-4282-a4c1-8f0706ef78a7/elements [39m[32m200[39m [90m79 ms - 12[39m
[35m[HTTP][39m [90m[39m
[35m[HTTP][39m [37m-->[39m [37mPOST[39m [37m/wd/hub/session/5c032ded-77ba-4282-a4c1-8f0706ef78a7/elements[39m
[35m[HTTP][39m [90m{"using":"xpath","value":"//*[(@text = 'Pemasaran' or . = 'Pemasaran')]"}[39m
[35m[HTTP][39m [37m<-- POST /wd/hub/session/5c032ded-77ba-4282-a4c1-8f0706ef78a7/elements [39m[32m200[39m [90m88 ms - 12[39m
[35m[HTTP][39m [90m[39m
[35m[HTTP][39m [37m-->[39m [37mPOST[39m [37m/wd/hub/session/5c032ded-77ba-4282-a4c1-8f0706ef78a7/elements[39m
[35m[HTTP][39m [90m{"using":"xpath","value":"//*[(@text = 'Pemasaran' or . = 'Pemasaran')]"}[39m
[35m[HTTP][39m [37m<-- POST /wd/hub/session/5c032ded-77ba-4282-a4c1-8f0706ef78a7/elements [39m[32m200[39m [90m78 ms - 12[39m
[35m[HTTP][39m [90m[39m
[35m[HTTP][39m [37m-->[39m [37mPOST[39m [37m/wd/hub/session/5c032ded-77ba-4282-a4c1-8f0706ef78a7/elements[39m
[35m[HTTP][39m [90m{"using":"xpath","value":"//*[(@text = 'Pemasaran' or . = 'Pemasaran')]"}[39m
[35m[HTTP][39m [37m<-- POST /wd/hub/session/5c032ded-77ba-4282-a4c1-8f0706ef78a7/elements [39m[32m200[39m [90m84 ms - 12[39m
[35m[HTTP][39m [90m[39m
[35m[HTTP][39m [37m-->[39m [37mPOST[39m [37m/wd/hub/session/5c032ded-77ba-4282-a4c1-8f0706ef78a7/elements[39m
[35m[HTTP][39m [90m{"using":"xpath","value":"//*[(@text = 'Pemasaran' or . = 'Pemasaran')]"}[39m
[35m[HTTP][39m [37m<-- POST /wd/hub/session/5c032ded-77ba-4282-a4c1-8f0706ef78a7/elements [39m[32m200[39m [90m72 ms - 12[39m
[35m[HTTP][39m [90m[39m
[35m[HTTP][39m [37m-->[39m [37mPOST[39m [37m/wd/hub/session/5c032ded-77ba-4282-a4c1-8f0706ef78a7/elements[39m
[35m[HTTP][39m [90m{"using":"xpath","value":"//*[(@text = 'Pemasaran' or . = 'Pemasaran')]"}[39m
[35m[HTTP][39m [37m<-- POST /wd/hub/session/5c032ded-77ba-4282-a4c1-8f0706ef78a7/elements [39m[32m200[39m [90m83 ms - 12[39m
[35m[HTTP][39m [90m[39m
[35m[HTTP][39m [37m-->[39m [37mPOST[39m [37m/wd/hub/session/5c032ded-77ba-4282-a4c1-8f0706ef78a7/elements[39m
[35m[HTTP][39m [90m{"using":"xpath","value":"//*[(@text = 'Pemasaran' or . = 'Pemasaran')]"}[39m
[35m[HTTP][39m [37m<-- POST /wd/hub/session/5c032ded-77ba-4282-a4c1-8f0706ef78a7/elements [39m[32m200[39m [90m74 ms - 12[39m
[35m[HTTP][39m [90m[39m
[35m[HTTP][39m [37m-->[39m [37mPOST[39m [37m/wd/hub/session/5c032ded-77ba-4282-a4c1-8f0706ef78a7/elements[39m
[35m[HTTP][39m [90m{"using":"xpath","value":"//*[(@text = 'Pemasaran' or . = 'Pemasaran')]"}[39m
[35m[HTTP][39m [37m<-- POST /wd/hub/session/5c032ded-77ba-4282-a4c1-8f0706ef78a7/elements [39m[32m200[39m [90m72 ms - 12[39m
[35m[HTTP][39m [90m[39m
[35m[HTTP][39m [37m-->[39m [37mPOST[39m [37m/wd/hub/session/5c032ded-77ba-4282-a4c1-8f0706ef78a7/elements[39m
[35m[HTTP][39m [90m{"using":"xpath","value":"//*[(@text = 'Pemasaran' or . = 'Pemasaran')]"}[39m
[35m[HTTP][39m [37m<-- POST /wd/hub/session/5c032ded-77ba-4282-a4c1-8f0706ef78a7/elements [39m[32m200[39m [90m72 ms - 12[39m
[35m[HTTP][39m [90m[39m
[35m[HTTP][39m [37m-->[39m [37mPOST[39m [37m/wd/hub/session/5c032ded-77ba-4282-a4c1-8f0706ef78a7/elements[39m
[35m[HTTP][39m [90m{"using":"xpath","value":"//*[(@text = 'Pemasaran' or . = 'Pemasaran')]"}[39m
[35m[HTTP][39m [37m<-- POST /wd/hub/session/5c032ded-77ba-4282-a4c1-8f0706ef78a7/elements [39m[32m200[39m [90m81 ms - 12[39m
[35m[HTTP][39m [90m[39m
[35m[HTTP][39m [37m-->[39m [37mPOST[39m [37m/wd/hub/session/5c032ded-77ba-4282-a4c1-8f0706ef78a7/elements[39m
[35m[HTTP][39m [90m{"using":"xpath","value":"//*[(@text = 'Pemasaran' or . = 'Pemasaran')]"}[39m
[35m[HTTP][39m [37m<-- POST /wd/hub/session/5c032ded-77ba-4282-a4c1-8f0706ef78a7/elements [39m[32m200[39m [90m73 ms - 12[39m
[35m[HTTP][39m [90m[39m
[35m[HTTP][39m [37m-->[39m [37mPOST[39m [37m/wd/hub/session/5c032ded-77ba-4282-a4c1-8f0706ef78a7/elements[39m
[35m[HTTP][39m [90m{"using":"xpath","value":"//*[(@text = 'Pemasaran' or . = 'Pemasaran')]"}[39m
[35m[HTTP][39m [37m<-- POST /wd/hub/session/5c032ded-77ba-4282-a4c1-8f0706ef78a7/elements [39m[32m200[39m [90m75 ms - 12[39m
[35m[HTTP][39m [90m[39m
[35m[HTTP][39m [37m-->[39m [37mPOST[39m [37m/wd/hub/session/5c032ded-77ba-4282-a4c1-8f0706ef78a7/elements[39m
[35m[HTTP][39m [90m{"using":"xpath","value":"//*[(@text = 'Pemasaran' or . = 'Pemasaran')]"}[39m
[35m[HTTP][39m [37m<-- POST /wd/hub/session/5c032ded-77ba-4282-a4c1-8f0706ef78a7/elements [39m[32m200[39m [90m71 ms - 12[39m
[35m[HTTP][39m [90m[39m
[35m[HTTP][39m [37m-->[39m [37mPOST[39m [37m/wd/hub/session/5c032ded-77ba-4282-a4c1-8f0706ef78a7/elements[39m
[35m[HTTP][39m [90m{"using":"xpath","value":"//*[(@text = 'Pemasaran' or . = 'Pemasaran')]"}[39m
[35m[HTTP][39m [37m<-- POST /wd/hub/session/5c032ded-77ba-4282-a4c1-8f0706ef78a7/elements [39m[32m200[39m [90m104 ms - 12[39m
[35m[HTTP][39m [90m[39m
[35m[HTTP][39m [37m-->[39m [37mPOST[39m [37m/wd/hub/session/5c032ded-77ba-4282-a4c1-8f0706ef78a7/elements[39m
[35m[HTTP][39m [90m{"using":"xpath","value":"//*[(@text = 'Pemasaran' or . = 'Pemasaran')]"}[39m
[35m[HTTP][39m [37m<-- POST /wd/hub/session/5c032ded-77ba-4282-a4c1-8f0706ef78a7/elements [39m[32m200[39m [90m72 ms - 12[39m
[35m[HTTP][39m [90m[39m
[35m[HTTP][39m [37m-->[39m [37mPOST[39m [37m/wd/hub/session/5c032ded-77ba-4282-a4c1-8f0706ef78a7/elements[39m
[35m[HTTP][39m [90m{"using":"xpath","value":"//*[(@text = 'Pemasaran' or . = 'Pemasaran')]"}[39m
[35m[HTTP][39m [37m<-- POST /wd/hub/session/5c032ded-77ba-4282-a4c1-8f0706ef78a7/elements [39m[32m200[39m [90m74 ms - 12[39m
[35m[HTTP][39m [90m[39m
[35m[HTTP][39m [37m-->[39m [37mPOST[39m [37m/wd/hub/session/5c032ded-77ba-4282-a4c1-8f0706ef78a7/elements[39m
[35m[HTTP][39m [90m{"using":"xpath","value":"//*[(@text = 'Pemasaran' or . = 'Pemasaran')]"}[39m
[35m[HTTP][39m [37m<-- POST /wd/hub/session/5c032ded-77ba-4282-a4c1-8f0706ef78a7/elements [39m[32m200[39m [90m74 ms - 12[39m
[35m[HTTP][39m [90m[39m
[35m[HTTP][39m [37m-->[39m [37mPOST[39m [37m/wd/hub/session/5c032ded-77ba-4282-a4c1-8f0706ef78a7/elements[39m
[35m[HTTP][39m [90m{"using":"xpath","value":"//*[(@text = 'Pemasaran' or . = 'Pemasaran')]"}[39m
[35m[HTTP][39m [37m<-- POST /wd/hub/session/5c032ded-77ba-4282-a4c1-8f0706ef78a7/elements [39m[32m200[39m [90m83 ms - 12[39m
[35m[HTTP][39m [90m[39m
[35m[HTTP][39m [37m-->[39m [37mPOST[39m [37m/wd/hub/session/5c032ded-77ba-4282-a4c1-8f0706ef78a7/elements[39m
[35m[HTTP][39m [90m{"using":"xpath","value":"//*[(@text = 'Pemasaran' or . = 'Pemasaran')]"}[39m
[35m[HTTP][39m [37m<-- POST /wd/hub/session/5c032ded-77ba-4282-a4c1-8f0706ef78a7/elements [39m[32m200[39m [90m71 ms - 12[39m
[35m[HTTP][39m [90m[39m
[35m[HTTP][39m [37m-->[39m [37mPOST[39m [37m/wd/hub/session/5c032ded-77ba-4282-a4c1-8f0706ef78a7/elements[39m
[35m[HTTP][39m [90m{"using":"xpath","value":"//*[(@text = 'Pemasaran' or . = 'Pemasaran')]"}[39m
[35m[HTTP][39m [37m<-- POST /wd/hub/session/5c032ded-77ba-4282-a4c1-8f0706ef78a7/elements [39m[32m200[39m [90m73 ms - 12[39m
[35m[HTTP][39m [90m[39m
[35m[HTTP][39m [37m-->[39m [37mPOST[39m [37m/wd/hub/session/5c032ded-77ba-4282-a4c1-8f0706ef78a7/elements[39m
[35m[HTTP][39m [90m{"using":"xpath","value":"//*[(@text = 'Pemasaran' or . = 'Pemasaran')]"}[39m
[35m[HTTP][39m [37m<-- POST /wd/hub/session/5c032ded-77ba-4282-a4c1-8f0706ef78a7/elements [39m[32m200[39m [90m106 ms - 12[39m
[35m[HTTP][39m [90m[39m
[35m[HTTP][39m [37m-->[39m [37mPOST[39m [37m/wd/hub/session/5c032ded-77ba-4282-a4c1-8f0706ef78a7/elements[39m
[35m[HTTP][39m [90m{"using":"xpath","value":"//*[(@text = 'Pemasaran' or . = 'Pemasaran')]"}[39m
[35m[HTTP][39m [37m<-- POST /wd/hub/session/5c032ded-77ba-4282-a4c1-8f0706ef78a7/elements [39m[32m200[39m [90m89 ms - 12[39m
[35m[HTTP][39m [90m[39m
[35m[HTTP][39m [37m-->[39m [37mPOST[39m [37m/wd/hub/session/5c032ded-77ba-4282-a4c1-8f0706ef78a7/elements[39m
[35m[HTTP][39m [90m{"using":"xpath","value":"//*[(@text = 'Pemasaran' or . = 'Pemasaran')]"}[39m
[35m[HTTP][39m [37m<-- POST /wd/hub/session/5c032ded-77ba-4282-a4c1-8f0706ef78a7/elements [39m[32m200[39m [90m77 ms - 12[39m
[35m[HTTP][39m [90m[39m
[35m[HTTP][39m [37m-->[39m [37mPOST[39m [37m/wd/hub/session/5c032ded-77ba-4282-a4c1-8f0706ef78a7/elements[39m
[35m[HTTP][39m [90m{"using":"xpath","value":"//*[(@text = 'Pemasaran' or . = 'Pemasaran')]"}[39m
[35m[HTTP][39m [37m<-- POST /wd/hub/session/5c032ded-77ba-4282-a4c1-8f0706ef78a7/elements [39m[32m200[39m [90m76 ms - 12[39m
[35m[HTTP][39m [90m[39m
[35m[HTTP][39m [37m-->[39m [37mPOST[39m [37m/wd/hub/session/5c032ded-77ba-4282-a4c1-8f0706ef78a7/elements[39m
[35m[HTTP][39m [90m{"using":"xpath","value":"//*[(@text = 'Pemasaran' or . = 'Pemasaran')]"}[39m
[35m[HTTP][39m [37m<-- POST /wd/hub/session/5c032ded-77ba-4282-a4c1-8f0706ef78a7/elements [39m[32m200[39m [90m71 ms - 12[39m
[35m[HTTP][39m [90m[39m
[35m[HTTP][39m [37m-->[39m [37mPOST[39m [37m/wd/hub/session/5c032ded-77ba-4282-a4c1-8f0706ef78a7/elements[39m
[35m[HTTP][39m [90m{"using":"xpath","value":"//*[(@text = 'Pemasaran' or . = 'Pemasaran')]"}[39m
[35m[HTTP][39m [37m<-- POST /wd/hub/session/5c032ded-77ba-4282-a4c1-8f0706ef78a7/elements [39m[32m200[39m [90m82 ms - 12[39m
[35m[HTTP][39m [90m[39m
[35m[HTTP][39m [37m-->[39m [37mPOST[39m [37m/wd/hub/session/5c032ded-77ba-4282-a4c1-8f0706ef78a7/elements[39m
[35m[HTTP][39m [90m{"using":"xpath","value":"//*[(@text = 'Pemasaran' or . = 'Pemasaran')]"}[39m
[35m[HTTP][39m [37m<-- POST /wd/hub/session/5c032ded-77ba-4282-a4c1-8f0706ef78a7/elements [39m[32m200[39m [90m72 ms - 12[39m
[35m[HTTP][39m [90m[39m
[35m[HTTP][39m [37m-->[39m [37mPOST[39m [37m/wd/hub/session/5c032ded-77ba-4282-a4c1-8f0706ef78a7/elements[39m
[35m[HTTP][39m [90m{"using":"xpath","value":"//*[(@text = 'Pemasaran' or . = 'Pemasaran')]"}[39m
[35m[HTTP][39m [37m<-- POST /wd/hub/session/5c032ded-77ba-4282-a4c1-8f0706ef78a7/elements [39m[32m200[39m [90m71 ms - 12[39m
[35m[HTTP][39m [90m[39m
[35m[HTTP][39m [37m-->[39m [37mPOST[39m [37m/wd/hub/session/5c032ded-77ba-4282-a4c1-8f0706ef78a7/elements[39m
[35m[HTTP][39m [90m{"using":"xpath","value":"//*[(@text = 'Pemasaran' or . = 'Pemasaran')]"}[39m
[35m[HTTP][39m [37m<-- POST /wd/hub/session/5c032ded-77ba-4282-a4c1-8f0706ef78a7/elements [39m[32m200[39m [90m74 ms - 12[39m
[35m[HTTP][39m [90m[39m
[35m[HTTP][39m [37m-->[39m [37mPOST[39m [37m/wd/hub/session/5c032ded-77ba-4282-a4c1-8f0706ef78a7/elements[39m
[35m[HTTP][39m [90m{"using":"xpath","value":"//*[(@text = 'Pemasaran' or . = 'Pemasaran')]"}[39m
[35m[HTTP][39m [37m<-- POST /wd/hub/session/5c032ded-77ba-4282-a4c1-8f0706ef78a7/elements [39m[32m200[39m [90m124 ms - 12[39m
[35m[HTTP][39m [90m[39m
[35m[HTTP][39m [37m-->[39m [37mPOST[39m [37m/wd/hub/session/5c032ded-77ba-4282-a4c1-8f0706ef78a7/elements[39m
[35m[HTTP][39m [90m{"using":"xpath","value":"//*[(@text = 'Pemasaran' or . = 'Pemasaran')]"}[39m
[35m[HTTP][39m [37m<-- POST /wd/hub/session/5c032ded-77ba-4282-a4c1-8f0706ef78a7/elements [39m[32m200[39m [90m73 ms - 12[39m
[35m[HTTP][39m [90m[39m
[35m[HTTP][39m [37m-->[39m [37mPOST[39m [37m/wd/hub/session/5c032ded-77ba-4282-a4c1-8f0706ef78a7/elements[39m
[35m[HTTP][39m [90m{"using":"xpath","value":"//*[(@text = 'Pemasaran' or . = 'Pemasaran')]"}[39m
[35m[HTTP][39m [37m<-- POST /wd/hub/session/5c032ded-77ba-4282-a4c1-8f0706ef78a7/elements [39m[32m200[39m [90m83 ms - 12[39m
[35m[HTTP][39m [90m[39m
[35m[HTTP][39m [37m-->[39m [37mPOST[39m [37m/wd/hub/session/5c032ded-77ba-4282-a4c1-8f0706ef78a7/elements[39m
[35m[HTTP][39m [90m{"using":"xpath","value":"//*[(@text = 'Pemasaran' or . = 'Pemasaran')]"}[39m
[35m[HTTP][39m [37m<-- POST /wd/hub/session/5c032ded-77ba-4282-a4c1-8f0706ef78a7/elements [39m[32m200[39m [90m75 ms - 12[39m
[35m[HTTP][39m [90m[39m
[35m[HTTP][39m [37m-->[39m [37mPOST[39m [37m/wd/hub/session/5c032ded-77ba-4282-a4c1-8f0706ef78a7/elements[39m
[35m[HTTP][39m [90m{"using":"xpath","value":"//*[(@text = 'Pemasaran' or . = 'Pemasaran')]"}[39m
[35m[HTTP][39m [37m<-- POST /wd/hub/session/5c032ded-77ba-4282-a4c1-8f0706ef78a7/elements [39m[32m200[39m [90m110 ms - 12[39m
[35m[HTTP][39m [90m[39m
[35m[HTTP][39m [37m-->[39m [37mPOST[39m [37m/wd/hub/session/5c032ded-77ba-4282-a4c1-8f0706ef78a7/elements[39m
[35m[HTTP][39m [90m{"using":"xpath","value":"//*[(@text = 'Pemasaran' or . = 'Pemasaran')]"}[39m
[35m[HTTP][39m [37m<-- POST /wd/hub/session/5c032ded-77ba-4282-a4c1-8f0706ef78a7/elements [39m[32m200[39m [90m71 ms - 12[39m
[35m[HTTP][39m [90m[39m
[35m[HTTP][39m [37m-->[39m [37mPOST[39m [37m/wd/hub/session/5c032ded-77ba-4282-a4c1-8f0706ef78a7/elements[39m
[35m[HTTP][39m [90m{"using":"xpath","value":"//*[(@text = 'Pemasaran' or . = 'Pemasaran')]"}[39m
[35m[HTTP][39m [37m<-- POST /wd/hub/session/5c032ded-77ba-4282-a4c1-8f0706ef78a7/elements [39m[32m200[39m [90m69 ms - 12[39m
[35m[HTTP][39m [90m[39m
[35m[HTTP][39m [37m-->[39m [37mPOST[39m [37m/wd/hub/session/5c032ded-77ba-4282-a4c1-8f0706ef78a7/elements[39m
[35m[HTTP][39m [90m{"using":"xpath","value":"//*[(@text = 'Pemasaran' or . = 'Pemasaran')]"}[39m
[35m[HTTP][39m [37m<-- POST /wd/hub/session/5c032ded-77ba-4282-a4c1-8f0706ef78a7/elements [39m[32m200[39m [90m79 ms - 12[39m
[35m[HTTP][39m [90m[39m
[35m[HTTP][39m [37m-->[39m [37mPOST[39m [37m/wd/hub/session/5c032ded-77ba-4282-a4c1-8f0706ef78a7/elements[39m
[35m[HTTP][39m [90m{"using":"xpath","value":"//*[(@text = 'Pemasaran' or . = 'Pemasaran')]"}[39m
[35m[HTTP][39m [37m<-- POST /wd/hub/session/5c032ded-77ba-4282-a4c1-8f0706ef78a7/elements [39m[32m200[39m [90m96 ms - 12[39m
[35m[HTTP][39m [90m[39m
[35m[HTTP][39m [37m-->[39m [37mPOST[39m [37m/wd/hub/session/5c032ded-77ba-4282-a4c1-8f0706ef78a7/elements[39m
[35m[HTTP][39m [90m{"using":"xpath","value":"//*[(@text = 'Pemasaran' or . = 'Pemasaran')]"}[39m
[35m[HTTP][39m [37m<-- POST /wd/hub/session/5c032ded-77ba-4282-a4c1-8f0706ef78a7/elements [39m[32m200[39m [90m71 ms - 12[39m
[35m[HTTP][39m [90m[39m
[35m[HTTP][39m [37m-->[39m [37mPOST[39m [37m/wd/hub/session/5c032ded-77ba-4282-a4c1-8f0706ef78a7/elements[39m
[35m[HTTP][39m [90m{"using":"xpath","value":"//*[(@text = 'Pemasaran' or . = 'Pemasaran')]"}[39m
[35m[HTTP][39m [37m<-- POST /wd/hub/session/5c032ded-77ba-4282-a4c1-8f0706ef78a7/elements [39m[32m200[39m [90m69 ms - 12[39m
[35m[HTTP][39m [90m[39m
[35m[HTTP][39m [37m-->[39m [37mPOST[39m [37m/wd/hub/session/5c032ded-77ba-4282-a4c1-8f0706ef78a7/elements[39m
[35m[HTTP][39m [90m{"using":"xpath","value":"//*[(@text = 'Pemasaran' or . = 'Pemasaran')]"}[39m
[35m[HTTP][39m [37m<-- POST /wd/hub/session/5c032ded-77ba-4282-a4c1-8f0706ef78a7/elements [39m[32m200[39m [90m74 ms - 12[39m
[35m[HTTP][39m [90m[39m
[35m[HTTP][39m [37m-->[39m [37mPOST[39m [37m/wd/hub/session/5c032ded-77ba-4282-a4c1-8f0706ef78a7/elements[39m
[35m[HTTP][39m [90m{"using":"xpath","value":"//*[(@text = 'Pemasaran' or . = 'Pemasaran')]"}[39m
[35m[HTTP][39m [37m<-- POST /wd/hub/session/5c032ded-77ba-4282-a4c1-8f0706ef78a7/elements [39m[32m200[39m [90m89 ms - 12[39m
[35m[HTTP][39m [90m[39m
[35m[HTTP][39m [37m-->[39m [37mPOST[39m [37m/wd/hub/session/5c032ded-77ba-4282-a4c1-8f0706ef78a7/elements[39m
[35m[HTTP][39m [90m{"using":"xpath","value":"//*[(@text = 'Pemasaran' or . = 'Pemasaran')]"}[39m
[35m[HTTP][39m [37m<-- POST /wd/hub/session/5c032ded-77ba-4282-a4c1-8f0706ef78a7/elements [39m[32m200[39m [90m72 ms - 12[39m
[35m[HTTP][39m [90m[39m
[35m[HTTP][39m [37m-->[39m [37mPOST[39m [37m/wd/hub/session/5c032ded-77ba-4282-a4c1-8f0706ef78a7/elements[39m
[35m[HTTP][39m [90m{"using":"xpath","value":"//*[(@text = 'Pemasaran' or . = 'Pemasaran')]"}[39m
[35m[HTTP][39m [37m<-- POST /wd/hub/session/5c032ded-77ba-4282-a4c1-8f0706ef78a7/elements [39m[32m200[39m [90m71 ms - 12[39m
[35m[HTTP][39m [90m[39m
[35m[HTTP][39m [37m-->[39m [37mPOST[39m [37m/wd/hub/session/5c032ded-77ba-4282-a4c1-8f0706ef78a7/elements[39m
[35m[HTTP][39m [90m{"using":"xpath","value":"//*[(@text = 'Pemasaran' or . = 'Pemasaran')]"}[39m
[35m[HTTP][39m [37m<-- POST /wd/hub/session/5c032ded-77ba-4282-a4c1-8f0706ef78a7/elements [39m[32m200[39m [90m68 ms - 12[39m
[35m[HTTP][39m [90m[39m
[35m[HTTP][39m [37m-->[39m [37mPOST[39m [37m/wd/hub/session/5c032ded-77ba-4282-a4c1-8f0706ef78a7/elements[39m
[35m[HTTP][39m [90m{"using":"xpath","value":"//*[(@text = 'Pemasaran' or . = 'Pemasaran')]"}[39m
[35m[HTTP][39m [37m<-- POST /wd/hub/session/5c032ded-77ba-4282-a4c1-8f0706ef78a7/elements [39m[32m200[39m [90m82 ms - 12[39m
[35m[HTTP][39m [90m[39m
[35m[HTTP][39m [37m-->[39m [37mPOST[39m [37m/wd/hub/session/5c032ded-77ba-4282-a4c1-8f0706ef78a7/elements[39m
[35m[HTTP][39m [90m{"using":"xpath","value":"//*[(@text = 'Pemasaran' or . = 'Pemasaran')]"}[39m
[35m[HTTP][39m [37m<-- POST /wd/hub/session/5c032ded-77ba-4282-a4c1-8f0706ef78a7/elements [39m[32m200[39m [90m71 ms - 12[39m
[35m[HTTP][39m [90m[39m
[35m[HTTP][39m [37m-->[39m [37mPOST[39m [37m/wd/hub/session/5c032ded-77ba-4282-a4c1-8f0706ef78a7/elements[39m
[35m[HTTP][39m [90m{"using":"xpath","value":"//*[(@text = 'Pemasaran' or . = 'Pemasaran')]"}[39m
[35m[HTTP][39m [37m<-- POST /wd/hub/session/5c032ded-77ba-4282-a4c1-8f0706ef78a7/elements [39m[32m200[39m [90m72 ms - 12[39m
[35m[HTTP][39m [90m[39m
[35m[HTTP][39m [37m-->[39m [37mPOST[39m [37m/wd/hub/session/5c032ded-77ba-4282-a4c1-8f0706ef78a7/elements[39m
[35m[HTTP][39m [90m{"using":"xpath","value":"//*[(@text = 'Pemasaran' or . = 'Pemasaran')]"}[39m
[35m[HTTP][39m [37m<-- POST /wd/hub/session/5c032ded-77ba-4282-a4c1-8f0706ef78a7/elements [39m[32m200[39m [90m77 ms - 12[39m
[35m[HTTP][39m [90m[39m
[35m[HTTP][39m [37m-->[39m [37mPOST[39m [37m/wd/hub/session/5c032ded-77ba-4282-a4c1-8f0706ef78a7/elements[39m
[35m[HTTP][39m [90m{"using":"xpath","value":"//*[(@text = 'Pemasaran' or . = 'Pemasaran')]"}[39m
[35m[HTTP][39m [37m<-- POST /wd/hub/session/5c032ded-77ba-4282-a4c1-8f0706ef78a7/elements [39m[32m200[39m [90m80 ms - 12[39m
[35m[HTTP][39m [90m[39m
[35m[HTTP][39m [37m-->[39m [37mPOST[39m [37m/wd/hub/session/5c032ded-77ba-4282-a4c1-8f0706ef78a7/elements[39m
[35m[HTTP][39m [90m{"using":"xpath","value":"//*[(@text = 'Pemasaran' or . = 'Pemasaran')]"}[39m
[35m[HTTP][39m [37m<-- POST /wd/hub/session/5c032ded-77ba-4282-a4c1-8f0706ef78a7/elements [39m[32m200[39m [90m71 ms - 12[39m
[35m[HTTP][39m [90m[39m
[35m[HTTP][39m [37m-->[39m [37mPOST[39m [37m/wd/hub/session/5c032ded-77ba-4282-a4c1-8f0706ef78a7/elements[39m
[35m[HTTP][39m [90m{"using":"xpath","value":"//*[(@text = 'Pemasaran' or . = 'Pemasaran')]"}[39m
[35m[HTTP][39m [37m<-- POST /wd/hub/session/5c032ded-77ba-4282-a4c1-8f0706ef78a7/elements [39m[32m200[39m [90m69 ms - 12[39m
[35m[HTTP][39m [90m[39m
[35m[HTTP][39m [37m-->[39m [37mPOST[39m [37m/wd/hub/session/5c032ded-77ba-4282-a4c1-8f0706ef78a7/timeouts[39m
[35m[HTTP][39m [90m{"implicit":30000}[39m
[35m[HTTP][39m [37m<-- POST /wd/hub/session/5c032ded-77ba-4282-a4c1-8f0706ef78a7/timeouts [39m[32m200[39m [90m2 ms - 14[39m
[35m[HTTP][39m [90m[39m
[35m[HTTP][39m [37m-->[39m [37mGET[39m [37m/wd/hub/session/5c032ded-77ba-4282-a4c1-8f0706ef78a7/context[39m
[35m[HTTP][39m [90m{}[39m
[35m[HTTP][39m [37m<-- GET /wd/hub/session/5c032ded-77ba-4282-a4c1-8f0706ef78a7/context [39m[32m200[39m [90m2 ms - 22[39m
[35m[HTTP][39m [90m[39m
[35m[HTTP][39m [37m-->[39m [37mGET[39m [37m/wd/hub/session/5c032ded-77ba-4282-a4c1-8f0706ef78a7/contexts[39m
[35m[HTTP][39m [90m{}[39m
[35m[AndroidDriver][39m Skipping the webview 'WEBVIEW_Terrace' at '@Terrace_devtools_remote' since it has reported having zero pages
[35m[HTTP][39m [37m<-- GET /wd/hub/session/5c032ded-77ba-4282-a4c1-8f0706ef78a7/contexts [39m[32m200[39m [90m259 ms - 24[39m
[35m[HTTP][39m [90m[39m
[35m[HTTP][39m [37m-->[39m [37mPOST[39m [37m/wd/hub/session/5c032ded-77ba-4282-a4c1-8f0706ef78a7/context[39m
[35m[HTTP][39m [90m{"name":"NATIVE_APP"}[39m
[35m[HTTP][39m [37m<-- POST /wd/hub/session/5c032ded-77ba-4282-a4c1-8f0706ef78a7/context [39m[32m200[39m [90m2 ms - 14[39m
[35m[HTTP][39m [90m[39m
[35m[HTTP][39m [37m-->[39m [37mGET[39m [37m/wd/hub/session/5c032ded-77ba-4282-a4c1-8f0706ef78a7/screenshot[39m
[35m[HTTP][39m [90m{}[39m
[35m[HTTP][39m [37m<-- GET /wd/hub/session/5c032ded-77ba-4282-a4c1-8f0706ef78a7/screenshot [39m[32m200[39m [90m957 ms - 126796[39m
[35m[HTTP][39m [90m[39m
[35m[HTTP][39m [37m-->[39m [37mPOST[39m [37m/wd/hub/session/5c032ded-77ba-4282-a4c1-8f0706ef78a7/context[39m
[35m[HTTP][39m [90m{"name":"NATIVE_APP"}[39m
[35m[HTTP][39m [37m<-- POST /wd/hub/session/5c032ded-77ba-4282-a4c1-8f0706ef78a7/context [39m[32m200[39m [90m2 ms - 14[39m
[35m[HTTP][39m [90m[39m
[35m[HTTP][39m [37m-->[39m [37mDELETE[39m [37m/wd/hub/session/5c032ded-77ba-4282-a4c1-8f0706ef78a7[39m
[35m[HTTP][39m [90m{}[39m
[35m[Appium][39m Removing session 5c032ded-77ba-4282-a4c1-8f0706ef78a7 from our master session list
[35m[UiAutomator2][39m Restoring hidden api policy to the device default configuration
[35m[HTTP][39m [37m<-- DELETE /wd/hub/session/5c032ded-77ba-4282-a4c1-8f0706ef78a7 [39m[32m200[39m [90m475 ms - 14[39m
[35m[HTTP][39m [90m[39m
